This is pdfTeX, Version 3.141592653-2.6-1.40.25 (MiKTeX 24.1) (preloaded format=pdflatex 2025.7.16)  16 JUL 2025 17:50
entering extended mode
 restricted \write18 enabled.
 %&-line parsing enabled.
**"C:/Users/ycanli/OneDrive - Tekfen Holding A.S/Ev_YC/Evraklar Yavuzhan-ozlem/
Yavuzhan evraklar/Yüksek Lisans/University of Bath/Lectures/Module13-Dissertat
ion/Dissertation/Introduction.tex"

(C:/Users/ycanli/OneDrive - Tekfen Holding A.S/Ev_YC/Evraklar Yavuzhan-ozlem/Ya
vuzhan evraklar/Yüksek Lisans/University of Bath/Lectures/Module13-Dissertatio
n/Dissertation/Introduction.tex
LaTeX2e <2023-11-01> patch level 1
L3 programming layer <2024-01-04>

(C:/Users/ycanli/OneDrive - Tekfen Holding A.S/Ev_YC/Evraklar Yavuzhan-ozlem/Ya
vuzhan evraklar/Yüksek Lisans/University of Bath/Lectures/Module13-Dissertatio
n/Dissertation\introduction.tex
(C:/Users/ycanli/OneDrive - Tekfen Holding A.S/Ev_YC/Evraklar Yavuzhan-ozlem/Ya
vuzhan evraklar/Yüksek Lisans/University of Bath/Lectures/Module13-Dissertatio
n/Dissertation\introduction.tex
(C:/Users/ycanli/OneDrive - Tekfen Holding A.S/Ev_YC/Evraklar Yavuzhan-ozlem/Ya
vuzhan evraklar/Yüksek Lisans/University of Bath/Lectures/Module13-Dissertatio
n/Dissertation\introduction.tex
(C:/Users/ycanli/OneDrive - Tekfen Holding A.S/Ev_YC/Evraklar Yavuzhan-ozlem/Ya
vuzhan evraklar/Yüksek Lisans/University of Bath/Lectures/Module13-Dissertatio
n/Dissertation\introduction.tex
(C:/Users/ycanli/OneDrive - Tekfen Holding A.S/Ev_YC/Evraklar Yavuzhan-ozlem/Ya
vuzhan evraklar/Yüksek Lisans/University of Bath/Lectures/Module13-Dissertatio
n/Dissertation\introduction.tex
(C:/Users/ycanli/OneDrive - Tekfen Holding A.S/Ev_YC/Evraklar Yavuzhan-ozlem/Ya
vuzhan evraklar/Yüksek Lisans/University of Bath/Lectures/Module13-Dissertatio
n/Dissertation\introduction.tex
(C:/Users/ycanli/OneDrive - Tekfen Holding A.S/Ev_YC/Evraklar Yavuzhan-ozlem/Ya
vuzhan evraklar/Yüksek Lisans/University of Bath/Lectures/Module13-Dissertatio
n/Dissertation\introduction.tex
(C:/Users/ycanli/OneDrive - Tekfen Holding A.S/Ev_YC/Evraklar Yavuzhan-ozlem/Ya
vuzhan evraklar/Yüksek Lisans/University of Bath/Lectures/Module13-Dissertatio
n/Dissertation\introduction.tex
(C:/Users/ycanli/OneDrive - Tekfen Holding A.S/Ev_YC/Evraklar Yavuzhan-ozlem/Ya
vuzhan evraklar/Yüksek Lisans/University of Bath/Lectures/Module13-Dissertatio
n/Dissertation\introduction.tex
(C:/Users/ycanli/OneDrive - Tekfen Holding A.S/Ev_YC/Evraklar Yavuzhan-ozlem/Ya
vuzhan evraklar/Yüksek Lisans/University of Bath/Lectures/Module13-Dissertatio
n/Dissertation\introduction.tex
(C:/Users/ycanli/OneDrive - Tekfen Holding A.S/Ev_YC/Evraklar Yavuzhan-ozlem/Ya
vuzhan evraklar/Yüksek Lisans/University of Bath/Lectures/Module13-Dissertatio
n/Dissertation\introduction.tex
(C:/Users/ycanli/OneDrive - Tekfen Holding A.S/Ev_YC/Evraklar Yavuzhan-ozlem/Ya
vuzhan evraklar/Yüksek Lisans/University of Bath/Lectures/Module13-Dissertatio
n/Dissertation\introduction.tex
(C:/Users/ycanli/OneDrive - Tekfen Holding A.S/Ev_YC/Evraklar Yavuzhan-ozlem/Ya
vuzhan evraklar/Yüksek Lisans/University of Bath/Lectures/Module13-Dissertatio
n/Dissertation\introduction.tex
(C:/Users/ycanli/OneDrive - Tekfen Holding A.S/Ev_YC/Evraklar Yavuzhan-ozlem/Ya
vuzhan evraklar/Yüksek Lisans/University of Bath/Lectures/Module13-Dissertatio
n/Dissertation\introduction.tex
(C:/Users/ycanli/OneDrive - Tekfen Holding A.S/Ev_YC/Evraklar Yavuzhan-ozlem/Ya
vuzhan evraklar/Yüksek Lisans/University of Bath/Lectures/Module13-Dissertatio
n/Dissertation\introduction.tex
(C:/Users/ycanli/OneDrive - Tekfen Holding A.S/Ev_YC/Evraklar Yavuzhan-ozlem/Ya
vuzhan evraklar/Yüksek Lisans/University of Bath/Lectures/Module13-Dissertatio
n/Dissertation\introduction.tex
(C:/Users/ycanli/OneDrive - Tekfen Holding A.S/Ev_YC/Evraklar Yavuzhan-ozlem/Ya
vuzhan evraklar/Yüksek Lisans/University of Bath/Lectures/Module13-Dissertatio
n/Dissertation\introduction.tex
(C:/Users/ycanli/OneDrive - Tekfen Holding A.S/Ev_YC/Evraklar Yavuzhan-ozlem/Ya
vuzhan evraklar/Yüksek Lisans/University of Bath/Lectures/Module13-Dissertatio
n/Dissertation\introduction.tex
(C:/Users/ycanli/OneDrive - Tekfen Holding A.S/Ev_YC/Evraklar Yavuzhan-ozlem/Ya
vuzhan evraklar/Yüksek Lisans/University of Bath/Lectures/Module13-Dissertatio
n/Dissertation\introduction.tex
(C:/Users/ycanli/OneDrive - Tekfen Holding A.S/Ev_YC/Evraklar Yavuzhan-ozlem/Ya
vuzhan evraklar/Yüksek Lisans/University of Bath/Lectures/Module13-Dissertatio
n/Dissertation\introduction.tex
(C:/Users/ycanli/OneDrive - Tekfen Holding A.S/Ev_YC/Evraklar Yavuzhan-ozlem/Ya
vuzhan evraklar/Yüksek Lisans/University of Bath/Lectures/Module13-Dissertatio
n/Dissertation\introduction.tex
(C:/Users/ycanli/OneDrive - Tekfen Holding A.S/Ev_YC/Evraklar Yavuzhan-ozlem/Ya
vuzhan evraklar/Yüksek Lisans/University of Bath/Lectures/Module13-Dissertatio
n/Dissertation\introduction.tex
(C:/Users/ycanli/OneDrive - Tekfen Holding A.S/Ev_YC/Evraklar Yavuzhan-ozlem/Ya
vuzhan evraklar/Yüksek Lisans/University of Bath/Lectures/Module13-Dissertatio
n/Dissertation\introduction.tex
(C:/Users/ycanli/OneDrive - Tekfen Holding A.S/Ev_YC/Evraklar Yavuzhan-ozlem/Ya
vuzhan evraklar/Yüksek Lisans/University of Bath/Lectures/Module13-Dissertatio
n/Dissertation\introduction.tex
(C:/Users/ycanli/OneDrive - Tekfen Holding A.S/Ev_YC/Evraklar Yavuzhan-ozlem/Ya
vuzhan evraklar/Yüksek Lisans/University of Bath/Lectures/Module13-Dissertatio
n/Dissertation\introduction.tex
(C:/Users/ycanli/OneDrive - Tekfen Holding A.S/Ev_YC/Evraklar Yavuzhan-ozlem/Ya
vuzhan evraklar/Yüksek Lisans/University of Bath/Lectures/Module13-Dissertatio
n/Dissertation\introduction.tex
(C:/Users/ycanli/OneDrive - Tekfen Holding A.S/Ev_YC/Evraklar Yavuzhan-ozlem/Ya
vuzhan evraklar/Yüksek Lisans/University of Bath/Lectures/Module13-Dissertatio
n/Dissertation\introduction.tex
(C:/Users/ycanli/OneDrive - Tekfen Holding A.S/Ev_YC/Evraklar Yavuzhan-ozlem/Ya
vuzhan evraklar/Yüksek Lisans/University of Bath/Lectures/Module13-Dissertatio
n/Dissertation\introduction.tex
(C:/Users/ycanli/OneDrive - Tekfen Holding A.S/Ev_YC/Evraklar Yavuzhan-ozlem/Ya
vuzhan evraklar/Yüksek Lisans/University of Bath/Lectures/Module13-Dissertatio
n/Dissertation\introduction.tex
(C:/Users/ycanli/OneDrive - Tekfen Holding A.S/Ev_YC/Evraklar Yavuzhan-ozlem/Ya
vuzhan evraklar/Yüksek Lisans/University of Bath/Lectures/Module13-Dissertatio
n/Dissertation\introduction.tex
(C:/Users/ycanli/OneDrive - Tekfen Holding A.S/Ev_YC/Evraklar Yavuzhan-ozlem/Ya
vuzhan evraklar/Yüksek Lisans/University of Bath/Lectures/Module13-Dissertatio
n/Dissertation\introduction.tex
(C:/Users/ycanli/OneDrive - Tekfen Holding A.S/Ev_YC/Evraklar Yavuzhan-ozlem/Ya
vuzhan evraklar/Yüksek Lisans/University of Bath/Lectures/Module13-Dissertatio
n/Dissertation\introduction.tex
(C:/Users/ycanli/OneDrive - Tekfen Holding A.S/Ev_YC/Evraklar Yavuzhan-ozlem/Ya
vuzhan evraklar/Yüksek Lisans/University of Bath/Lectures/Module13-Dissertatio
n/Dissertation\introduction.tex
(C:/Users/ycanli/OneDrive - Tekfen Holding A.S/Ev_YC/Evraklar Yavuzhan-ozlem/Ya
vuzhan evraklar/Yüksek Lisans/University of Bath/Lectures/Module13-Dissertatio
n/Dissertation\introduction.tex
(C:/Users/ycanli/OneDrive - Tekfen Holding A.S/Ev_YC/Evraklar Yavuzhan-ozlem/Ya
vuzhan evraklar/Yüksek Lisans/University of Bath/Lectures/Module13-Dissertatio
n/Dissertation\introduction.tex
(C:/Users/ycanli/OneDrive - Tekfen Holding A.S/Ev_YC/Evraklar Yavuzhan-ozlem/Ya
vuzhan evraklar/Yüksek Lisans/University of Bath/Lectures/Module13-Dissertatio
n/Dissertation\introduction.tex
(C:/Users/ycanli/OneDrive - Tekfen Holding A.S/Ev_YC/Evraklar Yavuzhan-ozlem/Ya
vuzhan evraklar/Yüksek Lisans/University of Bath/Lectures/Module13-Dissertatio
n/Dissertation\introduction.tex
(C:/Users/ycanli/OneDrive - Tekfen Holding A.S/Ev_YC/Evraklar Yavuzhan-ozlem/Ya
vuzhan evraklar/Yüksek Lisans/University of Bath/Lectures/Module13-Dissertatio
n/Dissertation\introduction.tex
(C:/Users/ycanli/OneDrive - Tekfen Holding A.S/Ev_YC/Evraklar Yavuzhan-ozlem/Ya
vuzhan evraklar/Yüksek Lisans/University of Bath/Lectures/Module13-Dissertatio
n/Dissertation\introduction.tex
(C:/Users/ycanli/OneDrive - Tekfen Holding A.S/Ev_YC/Evraklar Yavuzhan-ozlem/Ya
vuzhan evraklar/Yüksek Lisans/University of Bath/Lectures/Module13-Dissertatio
n/Dissertation\introduction.tex
(C:/Users/ycanli/OneDrive - Tekfen Holding A.S/Ev_YC/Evraklar Yavuzhan-ozlem/Ya
vuzhan evraklar/Yüksek Lisans/University of Bath/Lectures/Module13-Dissertatio
n/Dissertation\introduction.tex
(C:/Users/ycanli/OneDrive - Tekfen Holding A.S/Ev_YC/Evraklar Yavuzhan-ozlem/Ya
vuzhan evraklar/Yüksek Lisans/University of Bath/Lectures/Module13-Dissertatio
n/Dissertation\introduction.tex
(C:/Users/ycanli/OneDrive - Tekfen Holding A.S/Ev_YC/Evraklar Yavuzhan-ozlem/Ya
vuzhan evraklar/Yüksek Lisans/University of Bath/Lectures/Module13-Dissertatio
n/Dissertation\introduction.tex
(C:/Users/ycanli/OneDrive - Tekfen Holding A.S/Ev_YC/Evraklar Yavuzhan-ozlem/Ya
vuzhan evraklar/Yüksek Lisans/University of Bath/Lectures/Module13-Dissertatio
n/Dissertation\introduction.tex
(C:/Users/ycanli/OneDrive - Tekfen Holding A.S/Ev_YC/Evraklar Yavuzhan-ozlem/Ya
vuzhan evraklar/Yüksek Lisans/University of Bath/Lectures/Module13-Dissertatio
n/Dissertation\introduction.tex
(C:/Users/ycanli/OneDrive - Tekfen Holding A.S/Ev_YC/Evraklar Yavuzhan-ozlem/Ya
vuzhan evraklar/Yüksek Lisans/University of Bath/Lectures/Module13-Dissertatio
n/Dissertation\introduction.tex
(C:/Users/ycanli/OneDrive - Tekfen Holding A.S/Ev_YC/Evraklar Yavuzhan-ozlem/Ya
vuzhan evraklar/Yüksek Lisans/University of Bath/Lectures/Module13-Dissertatio
n/Dissertation\introduction.tex
(C:/Users/ycanli/OneDrive - Tekfen Holding A.S/Ev_YC/Evraklar Yavuzhan-ozlem/Ya
vuzhan evraklar/Yüksek Lisans/University of Bath/Lectures/Module13-Dissertatio
n/Dissertation\introduction.tex
(C:/Users/ycanli/OneDrive - Tekfen Holding A.S/Ev_YC/Evraklar Yavuzhan-ozlem/Ya
vuzhan evraklar/Yüksek Lisans/University of Bath/Lectures/Module13-Dissertatio
n/Dissertation\introduction.tex
! TeX capacity exceeded, sorry [text input levels=50].
<argument> .../before}\@@input "introduction.tex" 
                                                  
l.1 \input{introduction}
                        
If you really absolutely need more capacity,
you can ask a wizard to enlarge me.

 
Here is how much of TeX's memory you used:
 123 strings out of 474486
 19615 string characters out of 5743283
 1924542 words of memory out of 5000000
 22409 multiletter control sequences out of 15000+600000
 558069 words of font info for 36 fonts, out of 8000000 for 9000
 1141 hyphenation exceptions out of 8191
 263i,0n,171p,1278b,20s stack positions out of 10000i,1000n,20000p,200000b,200000s
!  ==> Fatal error occurred, no output PDF file produced!
