2025-07-28 14:12:18,615 - INFO - Logging to: FIXED_model_comparison_20250728_1412.log
2025-07-28 14:12:18,615 - INFO - Starting FIXED comprehensive model comparison...
2025-07-28 14:12:18,615 - INFO - Discovering trained harmonized RF models...
2025-07-28 14:12:18,617 - INFO - Discovered 4 trained periods: ['2022-H1', '2022-H2', '2023-H1', '2023-H2']
2025-07-28 14:12:18,617 - INFO - Processing period 2022-H1...
2025-07-28 14:12:21,122 - INFO - Successfully loaded RF model from clean_harmonized_rf_2022-H1_v1_20250728_1145.pkl
2025-07-28 14:12:21,123 - INFO - Model classes: ['GROWTH_TARGET' 'INTERVENTION_NEEDED' 'LOW_ENGAGEMENT' 'NO_PROMOTION']
2025-07-28 14:12:21,123 - INFO - Required features (31): ['total_bet_original', 'avg_bet_original', 'bet_volatility_original', 'total_sessions_original', 'log_total_bet', 'log_avg_bet', 'log_bet_volatility', 'log_total_sessions', 'total_bet_robust', 'avg_bet_robust', 'bet_volatility_robust', 'is_ultra_high_roller', 'is_millionaire', 'is_high_avg_better', 'bet_std', 'total_win', 'avg_win', 'avg_loss', 'loss_rate', 'avg_events_per_session', 'game_diversity', 'multi_game_player', 'machine_diversity', 'zone_diversity', 'weekend_preference', 'late_night_player', 'days_since_last_visit', 'session_duration_volatility', 'loss_chasing_score', 'sessions_last_30d', 'bet_trend_ratio']
2025-07-28 14:12:21,124 - INFO - Evaluating algorithms for period 2022-H1...
2025-07-28 14:12:21,124 - INFO - Loading COMPLETE training data for period 2022-H1...
2025-07-28 14:12:22,273 - INFO - Loaded 2326 customers with 23 base features for period 2022-H1
2025-07-28 14:12:22,275 - INFO - Raw label distribution:
promo_label
NO_PROMOTION           1869
GROWTH_TARGET           279
LOW_ENGAGEMENT          109
INTERVENTION_NEEDED      69
Name: count, dtype: int64
2025-07-28 14:12:22,275 - INFO - Creating engineered features to match training...
2025-07-28 14:12:22,280 - INFO - Engineered features created. Total columns: 34
2025-07-28 14:12:22,280 - INFO - Complete dataset: 34 total features
2025-07-28 14:12:22,281 - INFO - Required features: ['total_bet_original', 'avg_bet_original', 'bet_volatility_original', 'total_sessions_original', 'log_total_bet', 'log_avg_bet', 'log_bet_volatility', 'log_total_sessions', 'total_bet_robust', 'avg_bet_robust', 'bet_volatility_robust', 'is_ultra_high_roller', 'is_millionaire', 'is_high_avg_better', 'bet_std', 'total_win', 'avg_win', 'avg_loss', 'loss_rate', 'avg_events_per_session', 'game_diversity', 'multi_game_player', 'machine_diversity', 'zone_diversity', 'weekend_preference', 'late_night_player', 'days_since_last_visit', 'session_duration_volatility', 'loss_chasing_score', 'sessions_last_30d', 'bet_trend_ratio']
2025-07-28 14:12:22,282 - INFO - Applying BALANCED preprocessing with feature alignment...
2025-07-28 14:12:22,282 - WARNING - Missing features: ['bet_volatility_original', 'log_avg_bet', 'is_ultra_high_roller', 'is_millionaire', 'is_high_avg_better']
2025-07-28 14:12:22,283 - INFO - Created dummy feature: bet_volatility_original
2025-07-28 14:12:22,284 - INFO - Created dummy feature: log_avg_bet
2025-07-28 14:12:22,284 - INFO - Created dummy feature: is_ultra_high_roller
2025-07-28 14:12:22,285 - INFO - Created dummy feature: is_millionaire
2025-07-28 14:12:22,285 - INFO - Created dummy feature: is_high_avg_better
2025-07-28 14:12:22,288 - INFO - Feature matrix shape after alignment: (2326, 31)
2025-07-28 14:12:22,296 - INFO - Raw label distribution:
promo_label
NO_PROMOTION           1869
GROWTH_TARGET           279
LOW_ENGAGEMENT          109
INTERVENTION_NEEDED      69
Name: count, dtype: int64
2025-07-28 14:12:22,297 - INFO - Target distribution: {'NO_PROMOTION': 1744, 'GROWTH_TARGET': 279, 'LOW_ENGAGEMENT': 186, 'INTERVENTION_NEEDED': 116}
2025-07-28 14:12:22,297 - INFO - Current imbalance ratio: 27.09
2025-07-28 14:12:22,297 - INFO - Applying balanced resampling...
2025-07-28 14:12:22,298 - INFO -   NO_PROMOTION: 1869 -> 1744
2025-07-28 14:12:22,299 - INFO -   GROWTH_TARGET: 279 -> 279
2025-07-28 14:12:22,300 - INFO -   LOW_ENGAGEMENT: 109 -> 186
2025-07-28 14:12:22,301 - INFO -   INTERVENTION_NEEDED: 69 -> 116
2025-07-28 14:12:22,304 - INFO - Balanced dataset size: 2325
2025-07-28 14:12:22,306 - INFO - New label distribution:
promo_label
NO_PROMOTION           1744
GROWTH_TARGET           279
LOW_ENGAGEMENT          186
INTERVENTION_NEEDED     116
Name: count, dtype: int64
2025-07-28 14:12:22,311 - INFO - Balanced label classes: ['GROWTH_TARGET' 'INTERVENTION_NEEDED' 'LOW_ENGAGEMENT' 'NO_PROMOTION']
2025-07-28 14:12:22,312 - INFO - Balanced encoded distribution: [ 279  116  186 1744]
2025-07-28 14:12:22,312 - INFO - SUCCESS: Balanced preprocessing completed with 4 classes
2025-07-28 14:12:22,313 - INFO - Final feature matrix shape: (2325, 31)
2025-07-28 14:12:22,313 - INFO - Expected features: 31
2025-07-28 14:12:22,313 - INFO - RF model classes: ['GROWTH_TARGET' 'INTERVENTION_NEEDED' 'LOW_ENGAGEMENT' 'NO_PROMOTION']
2025-07-28 14:12:22,313 - INFO - Balanced classes: ['GROWTH_TARGET' 'INTERVENTION_NEEDED' 'LOW_ENGAGEMENT' 'NO_PROMOTION']
2025-07-28 14:12:22,315 - INFO - Train set: 1860 samples
2025-07-28 14:12:22,316 - INFO - Test set: 465 samples
2025-07-28 14:12:22,316 - INFO - Test distribution: [ 56  23  37 349]
2025-07-28 14:12:22,316 - INFO - Evaluating trained Random Forest...
2025-07-28 14:12:22,487 - INFO - Training Decision_Tree...
2025-07-28 14:12:22,515 - INFO - Training Logistic_Regression...
2025-07-28 14:12:22,613 - INFO - Training K_Nearest_Neighbors...
2025-07-28 14:12:25,850 - INFO - Training Naive_Bayes...
2025-07-28 14:12:25,862 - INFO - Training Support_Vector_Machine...
2025-07-28 14:12:26,384 - INFO - Processing period 2022-H2...
2025-07-28 14:12:26,492 - INFO - Successfully loaded RF model from clean_harmonized_rf_2022-H2_v1_20250728_1201.pkl
2025-07-28 14:12:26,493 - INFO - Model classes: ['GROWTH_TARGET' 'INTERVENTION_NEEDED' 'LOW_ENGAGEMENT' 'NO_PROMOTION']
2025-07-28 14:12:26,493 - INFO - Required features (31): ['total_bet_original', 'avg_bet_original', 'bet_volatility_original', 'total_sessions_original', 'log_total_bet', 'log_avg_bet', 'log_bet_volatility', 'log_total_sessions', 'total_bet_robust', 'avg_bet_robust', 'bet_volatility_robust', 'is_ultra_high_roller', 'is_millionaire', 'is_high_avg_better', 'bet_std', 'total_win', 'avg_win', 'avg_loss', 'loss_rate', 'avg_events_per_session', 'game_diversity', 'multi_game_player', 'machine_diversity', 'zone_diversity', 'weekend_preference', 'late_night_player', 'days_since_last_visit', 'session_duration_volatility', 'loss_chasing_score', 'sessions_last_30d', 'bet_trend_ratio']
2025-07-28 14:12:26,497 - INFO - Evaluating algorithms for period 2022-H2...
2025-07-28 14:12:26,498 - INFO - Loading COMPLETE training data for period 2022-H2...
2025-07-28 14:12:26,571 - INFO - Loaded 3806 customers with 23 base features for period 2022-H2
2025-07-28 14:12:26,573 - INFO - Raw label distribution:
promo_label
NO_PROMOTION           3025
GROWTH_TARGET           456
LOW_ENGAGEMENT          181
INTERVENTION_NEEDED     144
Name: count, dtype: int64
2025-07-28 14:12:26,573 - INFO - Creating engineered features to match training...
2025-07-28 14:12:26,578 - INFO - Engineered features created. Total columns: 34
2025-07-28 14:12:26,578 - INFO - Complete dataset: 34 total features
2025-07-28 14:12:26,579 - INFO - Required features: ['total_bet_original', 'avg_bet_original', 'bet_volatility_original', 'total_sessions_original', 'log_total_bet', 'log_avg_bet', 'log_bet_volatility', 'log_total_sessions', 'total_bet_robust', 'avg_bet_robust', 'bet_volatility_robust', 'is_ultra_high_roller', 'is_millionaire', 'is_high_avg_better', 'bet_std', 'total_win', 'avg_win', 'avg_loss', 'loss_rate', 'avg_events_per_session', 'game_diversity', 'multi_game_player', 'machine_diversity', 'zone_diversity', 'weekend_preference', 'late_night_player', 'days_since_last_visit', 'session_duration_volatility', 'loss_chasing_score', 'sessions_last_30d', 'bet_trend_ratio']
2025-07-28 14:12:26,580 - INFO - Applying BALANCED preprocessing with feature alignment...
2025-07-28 14:12:26,581 - WARNING - Missing features: ['bet_volatility_original', 'log_avg_bet', 'is_ultra_high_roller', 'is_millionaire', 'is_high_avg_better']
2025-07-28 14:12:26,581 - INFO - Created dummy feature: bet_volatility_original
2025-07-28 14:12:26,582 - INFO - Created dummy feature: log_avg_bet
2025-07-28 14:12:26,582 - INFO - Created dummy feature: is_ultra_high_roller
2025-07-28 14:12:26,583 - INFO - Created dummy feature: is_millionaire
2025-07-28 14:12:26,583 - INFO - Created dummy feature: is_high_avg_better
2025-07-28 14:12:26,587 - INFO - Feature matrix shape after alignment: (3806, 31)
2025-07-28 14:12:26,597 - INFO - Raw label distribution:
promo_label
NO_PROMOTION           3025
GROWTH_TARGET           456
LOW_ENGAGEMENT          181
INTERVENTION_NEEDED     144
Name: count, dtype: int64
2025-07-28 14:12:26,598 - INFO - Target distribution: {'NO_PROMOTION': 2854, 'GROWTH_TARGET': 456, 'LOW_ENGAGEMENT': 304, 'INTERVENTION_NEEDED': 190}
2025-07-28 14:12:26,599 - INFO - Current imbalance ratio: 21.01
2025-07-28 14:12:26,599 - INFO - Applying balanced resampling...
2025-07-28 14:12:26,601 - INFO -   NO_PROMOTION: 3025 -> 2854
2025-07-28 14:12:26,602 - INFO -   GROWTH_TARGET: 456 -> 456
2025-07-28 14:12:26,603 - INFO -   LOW_ENGAGEMENT: 181 -> 304
2025-07-28 14:12:26,604 - INFO -   INTERVENTION_NEEDED: 144 -> 190
2025-07-28 14:12:26,608 - INFO - Balanced dataset size: 3804
2025-07-28 14:12:26,610 - INFO - New label distribution:
promo_label
NO_PROMOTION           2854
GROWTH_TARGET           456
LOW_ENGAGEMENT          304
INTERVENTION_NEEDED     190
Name: count, dtype: int64
2025-07-28 14:12:26,618 - INFO - Balanced label classes: ['GROWTH_TARGET' 'INTERVENTION_NEEDED' 'LOW_ENGAGEMENT' 'NO_PROMOTION']
2025-07-28 14:12:26,618 - INFO - Balanced encoded distribution: [ 456  190  304 2854]
2025-07-28 14:12:26,619 - INFO - SUCCESS: Balanced preprocessing completed with 4 classes
2025-07-28 14:12:26,619 - INFO - Final feature matrix shape: (3804, 31)
2025-07-28 14:12:26,619 - INFO - Expected features: 31
2025-07-28 14:12:26,620 - INFO - RF model classes: ['GROWTH_TARGET' 'INTERVENTION_NEEDED' 'LOW_ENGAGEMENT' 'NO_PROMOTION']
2025-07-28 14:12:26,620 - INFO - Balanced classes: ['GROWTH_TARGET' 'INTERVENTION_NEEDED' 'LOW_ENGAGEMENT' 'NO_PROMOTION']
2025-07-28 14:12:26,623 - INFO - Train set: 3043 samples
2025-07-28 14:12:26,623 - INFO - Test set: 761 samples
2025-07-28 14:12:26,623 - INFO - Test distribution: [ 91  38  61 571]
2025-07-28 14:12:26,624 - INFO - Evaluating trained Random Forest...
2025-07-28 14:12:26,787 - INFO - Training Decision_Tree...
2025-07-28 14:12:26,827 - INFO - Training Logistic_Regression...
2025-07-28 14:12:26,955 - INFO - Training K_Nearest_Neighbors...
2025-07-28 14:12:27,003 - INFO - Training Naive_Bayes...
2025-07-28 14:12:27,020 - INFO - Training Support_Vector_Machine...
2025-07-28 14:12:28,334 - INFO - Processing period 2023-H1...
2025-07-28 14:12:28,493 - INFO - Successfully loaded RF model from clean_harmonized_rf_2023-H1_v1_20250728_1204.pkl
2025-07-28 14:12:28,493 - INFO - Model classes: ['GROWTH_TARGET' 'INTERVENTION_NEEDED' 'LOW_ENGAGEMENT' 'NO_PROMOTION']
2025-07-28 14:12:28,494 - INFO - Required features (31): ['total_bet_original', 'avg_bet_original', 'bet_volatility_original', 'total_sessions_original', 'log_total_bet', 'log_avg_bet', 'log_bet_volatility', 'log_total_sessions', 'total_bet_robust', 'avg_bet_robust', 'bet_volatility_robust', 'is_ultra_high_roller', 'is_millionaire', 'is_high_avg_better', 'bet_std', 'total_win', 'avg_win', 'avg_loss', 'loss_rate', 'avg_events_per_session', 'game_diversity', 'multi_game_player', 'machine_diversity', 'zone_diversity', 'weekend_preference', 'late_night_player', 'days_since_last_visit', 'session_duration_volatility', 'loss_chasing_score', 'sessions_last_30d', 'bet_trend_ratio']
2025-07-28 14:12:28,499 - INFO - Evaluating algorithms for period 2023-H1...
2025-07-28 14:12:28,500 - INFO - Loading COMPLETE training data for period 2023-H1...
2025-07-28 14:12:28,914 - INFO - Loaded 6646 customers with 23 base features for period 2023-H1
2025-07-28 14:12:28,915 - INFO - Raw label distribution:
promo_label
NO_PROMOTION           5178
GROWTH_TARGET           797
INTERVENTION_NEEDED     339
LOW_ENGAGEMENT          332
Name: count, dtype: int64
2025-07-28 14:12:28,916 - INFO - Creating engineered features to match training...
2025-07-28 14:12:28,919 - INFO - Engineered features created. Total columns: 34
2025-07-28 14:12:28,920 - INFO - Complete dataset: 34 total features
2025-07-28 14:12:28,920 - INFO - Required features: ['total_bet_original', 'avg_bet_original', 'bet_volatility_original', 'total_sessions_original', 'log_total_bet', 'log_avg_bet', 'log_bet_volatility', 'log_total_sessions', 'total_bet_robust', 'avg_bet_robust', 'bet_volatility_robust', 'is_ultra_high_roller', 'is_millionaire', 'is_high_avg_better', 'bet_std', 'total_win', 'avg_win', 'avg_loss', 'loss_rate', 'avg_events_per_session', 'game_diversity', 'multi_game_player', 'machine_diversity', 'zone_diversity', 'weekend_preference', 'late_night_player', 'days_since_last_visit', 'session_duration_volatility', 'loss_chasing_score', 'sessions_last_30d', 'bet_trend_ratio']
2025-07-28 14:12:28,922 - INFO - Applying BALANCED preprocessing with feature alignment...
2025-07-28 14:12:28,922 - WARNING - Missing features: ['bet_volatility_original', 'log_avg_bet', 'is_ultra_high_roller', 'is_millionaire', 'is_high_avg_better']
2025-07-28 14:12:28,923 - INFO - Created dummy feature: bet_volatility_original
2025-07-28 14:12:28,923 - INFO - Created dummy feature: log_avg_bet
2025-07-28 14:12:28,924 - INFO - Created dummy feature: is_ultra_high_roller
2025-07-28 14:12:28,925 - INFO - Created dummy feature: is_millionaire
2025-07-28 14:12:28,925 - INFO - Created dummy feature: is_high_avg_better
2025-07-28 14:12:28,929 - INFO - Feature matrix shape after alignment: (6646, 31)
2025-07-28 14:12:28,938 - INFO - Raw label distribution:
promo_label
NO_PROMOTION           5178
GROWTH_TARGET           797
INTERVENTION_NEEDED     339
LOW_ENGAGEMENT          332
Name: count, dtype: int64
2025-07-28 14:12:28,939 - INFO - Target distribution: {'NO_PROMOTION': 4984, 'GROWTH_TARGET': 797, 'LOW_ENGAGEMENT': 531, 'INTERVENTION_NEEDED': 332}
2025-07-28 14:12:28,939 - INFO - Current imbalance ratio: 15.60
2025-07-28 14:12:28,947 - INFO - Balanced label classes: ['GROWTH_TARGET' 'INTERVENTION_NEEDED' 'LOW_ENGAGEMENT' 'NO_PROMOTION']
2025-07-28 14:12:28,948 - INFO - Balanced encoded distribution: [ 797  339  332 5178]
2025-07-28 14:12:28,948 - INFO - SUCCESS: Balanced preprocessing completed with 4 classes
2025-07-28 14:12:28,949 - INFO - Final feature matrix shape: (6646, 31)
2025-07-28 14:12:28,949 - INFO - Expected features: 31
2025-07-28 14:12:28,949 - INFO - RF model classes: ['GROWTH_TARGET' 'INTERVENTION_NEEDED' 'LOW_ENGAGEMENT' 'NO_PROMOTION']
2025-07-28 14:12:28,950 - INFO - Balanced classes: ['GROWTH_TARGET' 'INTERVENTION_NEEDED' 'LOW_ENGAGEMENT' 'NO_PROMOTION']
2025-07-28 14:12:28,953 - INFO - Train set: 5316 samples
2025-07-28 14:12:28,954 - INFO - Test set: 1330 samples
2025-07-28 14:12:28,954 - INFO - Test distribution: [ 160   68   66 1036]
2025-07-28 14:12:28,954 - INFO - Evaluating trained Random Forest...
2025-07-28 14:12:29,092 - INFO - Training Decision_Tree...
2025-07-28 14:12:29,150 - INFO - Training Logistic_Regression...
2025-07-28 14:12:29,407 - INFO - Training K_Nearest_Neighbors...
2025-07-28 14:12:29,458 - INFO - Training Naive_Bayes...
2025-07-28 14:12:29,482 - INFO - Training Support_Vector_Machine...
2025-07-28 14:12:33,567 - INFO - Processing period 2023-H2...
2025-07-28 14:12:33,936 - INFO - Successfully loaded RF model from clean_harmonized_rf_2023-H2_v1_20250728_1206.pkl
2025-07-28 14:12:33,936 - INFO - Model classes: ['GROWTH_TARGET' 'INTERVENTION_NEEDED' 'LOW_ENGAGEMENT' 'NO_PROMOTION']
2025-07-28 14:12:33,937 - INFO - Required features (31): ['total_bet_original', 'avg_bet_original', 'bet_volatility_original', 'total_sessions_original', 'log_total_bet', 'log_avg_bet', 'log_bet_volatility', 'log_total_sessions', 'total_bet_robust', 'avg_bet_robust', 'bet_volatility_robust', 'is_ultra_high_roller', 'is_millionaire', 'is_high_avg_better', 'bet_std', 'total_win', 'avg_win', 'avg_loss', 'loss_rate', 'avg_events_per_session', 'game_diversity', 'multi_game_player', 'machine_diversity', 'zone_diversity', 'weekend_preference', 'late_night_player', 'days_since_last_visit', 'session_duration_volatility', 'loss_chasing_score', 'sessions_last_30d', 'bet_trend_ratio']
2025-07-28 14:12:33,947 - INFO - Evaluating algorithms for period 2023-H2...
2025-07-28 14:12:33,947 - INFO - Loading COMPLETE training data for period 2023-H2...
2025-07-28 14:12:34,159 - INFO - Loaded 15101 customers with 23 base features for period 2023-H2
2025-07-28 14:12:34,162 - INFO - Raw label distribution:
promo_label
NO_PROMOTION           11936
GROWTH_TARGET           1812
LOW_ENGAGEMENT           755
INTERVENTION_NEEDED      598
Name: count, dtype: int64
2025-07-28 14:12:34,163 - INFO - Creating engineered features to match training...
2025-07-28 14:12:34,171 - INFO - Engineered features created. Total columns: 34
2025-07-28 14:12:34,171 - INFO - Complete dataset: 34 total features
2025-07-28 14:12:34,172 - INFO - Required features: ['total_bet_original', 'avg_bet_original', 'bet_volatility_original', 'total_sessions_original', 'log_total_bet', 'log_avg_bet', 'log_bet_volatility', 'log_total_sessions', 'total_bet_robust', 'avg_bet_robust', 'bet_volatility_robust', 'is_ultra_high_roller', 'is_millionaire', 'is_high_avg_better', 'bet_std', 'total_win', 'avg_win', 'avg_loss', 'loss_rate', 'avg_events_per_session', 'game_diversity', 'multi_game_player', 'machine_diversity', 'zone_diversity', 'weekend_preference', 'late_night_player', 'days_since_last_visit', 'session_duration_volatility', 'loss_chasing_score', 'sessions_last_30d', 'bet_trend_ratio']
2025-07-28 14:12:34,175 - INFO - Applying BALANCED preprocessing with feature alignment...
2025-07-28 14:12:34,175 - WARNING - Missing features: ['bet_volatility_original', 'log_avg_bet', 'is_ultra_high_roller', 'is_millionaire', 'is_high_avg_better']
2025-07-28 14:12:34,176 - INFO - Created dummy feature: bet_volatility_original
2025-07-28 14:12:34,177 - INFO - Created dummy feature: log_avg_bet
2025-07-28 14:12:34,177 - INFO - Created dummy feature: is_ultra_high_roller
2025-07-28 14:12:34,178 - INFO - Created dummy feature: is_millionaire
2025-07-28 14:12:34,179 - INFO - Created dummy feature: is_high_avg_better
2025-07-28 14:12:34,188 - INFO - Feature matrix shape after alignment: (15101, 31)
2025-07-28 14:12:34,208 - INFO - Raw label distribution:
promo_label
NO_PROMOTION           11936
GROWTH_TARGET           1812
LOW_ENGAGEMENT           755
INTERVENTION_NEEDED      598
Name: count, dtype: int64
2025-07-28 14:12:34,208 - INFO - Target distribution: {'NO_PROMOTION': 11325, 'GROWTH_TARGET': 1812, 'LOW_ENGAGEMENT': 1208, 'INTERVENTION_NEEDED': 755}
2025-07-28 14:12:34,209 - INFO - Current imbalance ratio: 19.96
2025-07-28 14:12:34,226 - INFO - Balanced label classes: ['GROWTH_TARGET' 'INTERVENTION_NEEDED' 'LOW_ENGAGEMENT' 'NO_PROMOTION']
2025-07-28 14:12:34,227 - INFO - Balanced encoded distribution: [ 1812   598   755 11936]
2025-07-28 14:12:34,228 - INFO - SUCCESS: Balanced preprocessing completed with 4 classes
2025-07-28 14:12:34,229 - INFO - Final feature matrix shape: (15101, 31)
2025-07-28 14:12:34,229 - INFO - Expected features: 31
2025-07-28 14:12:34,230 - INFO - RF model classes: ['GROWTH_TARGET' 'INTERVENTION_NEEDED' 'LOW_ENGAGEMENT' 'NO_PROMOTION']
2025-07-28 14:12:34,230 - INFO - Balanced classes: ['GROWTH_TARGET' 'INTERVENTION_NEEDED' 'LOW_ENGAGEMENT' 'NO_PROMOTION']
2025-07-28 14:12:34,240 - INFO - Train set: 12080 samples
2025-07-28 14:12:34,240 - INFO - Test set: 3021 samples
2025-07-28 14:12:34,241 - INFO - Test distribution: [ 362  120  151 2388]
2025-07-28 14:12:34,241 - INFO - Evaluating trained Random Forest...
2025-07-28 14:12:34,458 - INFO - Training Decision_Tree...
2025-07-28 14:12:34,631 - INFO - Training Logistic_Regression...
2025-07-28 14:12:35,133 - INFO - Training K_Nearest_Neighbors...
2025-07-28 14:12:35,309 - INFO - Training Naive_Bayes...
2025-07-28 14:12:35,350 - INFO - Training Support_Vector_Machine...
2025-07-28 14:13:06,588 - INFO - Results exported to: FIXED_model_comparison_20250728_1413.csv
2025-07-28 14:13:06,590 - INFO - ============================================================
2025-07-28 14:13:06,590 - INFO - FIXED COMPARISON COMPLETED SUCCESSFULLY
2025-07-28 14:13:06,590 - INFO - Periods analyzed: 4
2025-07-28 14:13:06,591 - INFO - CSV exported: FIXED_model_comparison_20250728_1413.csv
2025-07-28 14:13:06,591 - INFO - Log file: FIXED_model_comparison_20250728_1412.log
2025-07-28 14:13:06,591 - INFO - ============================================================
