2025-07-28 01:50:10,855 - INFO - Logging to: harmonized_model_comparison_20250728_0150.log
2025-07-28 01:50:10,856 - INFO - Starting comprehensive harmonized model comparison...
2025-07-28 01:50:10,856 - INFO - Discovering trained harmonized RF models...
2025-07-28 01:50:10,857 - INFO - Discovered 4 trained periods: ['2022-H1', '2022-H2', '2023-H1', '2023-H2']
2025-07-28 01:50:10,857 - INFO - Processing period 2022-H1...
2025-07-28 01:50:10,984 - INFO - Successfully loaded RF model from clean_harmonized_rf_2022-H1_v1_20250728_0148.pkl
2025-07-28 01:50:10,987 - INFO - Model classes: ['GROWTH_TARGET' 'INTERVENTION_NEEDED' 'LOW_ENGAGEMENT' 'NO_PROMOTION']
2025-07-28 01:50:10,987 - INFO - Feature count: 22
2025-07-28 01:50:10,987 - INFO - Evaluating algorithms for period 2022-H1...
2025-07-28 01:50:10,987 - INFO - Loading period data for 2022-H1...
2025-07-28 01:50:11,493 - INFO - Loaded 2326 customers for period 2022-H1
2025-07-28 01:50:11,495 - INFO - Label distribution:
promo_label
NO_PROMOTION           1869
GROWTH_TARGET           279
LOW_ENGAGEMENT          109
INTERVENTION_NEEDED      69
Name: count, dtype: int64
2025-07-28 01:50:11,502 - INFO - Evaluating trained Random Forest...
2025-07-28 01:50:11,581 - INFO - Random Forest: Accuracy=0.0644, F1=0.0306, ROC_AUC=0.8479522918539685
2025-07-28 01:50:11,581 - INFO - Training Decision_Tree...
2025-07-28 01:50:11,591 - INFO - Decision_Tree: Accuracy=0.8197, F1=0.8188, ROC_AUC=0.8569096649695493
2025-07-28 01:50:11,592 - INFO - Training Logistic_Regression...
2025-07-28 01:50:12,171 - INFO - Logistic_Regression: Accuracy=0.8197, F1=0.8304, ROC_AUC=0.9213226259446063
2025-07-28 01:50:12,171 - INFO - Training K_Nearest_Neighbors...
2025-07-28 01:50:15,154 - INFO - K_Nearest_Neighbors: Accuracy=0.8670, F1=0.8516, ROC_AUC=0.9064470043152343
2025-07-28 01:50:15,154 - INFO - Training Naive_Bayes...
2025-07-28 01:50:15,160 - INFO - Naive_Bayes: Accuracy=0.8197, F1=0.7836, ROC_AUC=0.8380202711750215
2025-07-28 01:50:15,161 - INFO - Training Support_Vector_Machine...
2025-07-28 01:50:15,883 - INFO - Support_Vector_Machine: Accuracy=0.8455, F1=0.7771, ROC_AUC=0.9287121653469756
2025-07-28 01:50:15,884 - INFO - Processing period 2022-H2...
2025-07-28 01:50:15,900 - INFO - Successfully loaded RF model from clean_harmonized_rf_2022-H2_v1_20250728_0148.pkl
2025-07-28 01:50:15,901 - INFO - Model classes: ['GROWTH_TARGET' 'INTERVENTION_NEEDED' 'LOW_ENGAGEMENT' 'NO_PROMOTION']
2025-07-28 01:50:15,901 - INFO - Feature count: 22
2025-07-28 01:50:15,901 - INFO - Evaluating algorithms for period 2022-H2...
2025-07-28 01:50:15,902 - INFO - Loading period data for 2022-H2...
2025-07-28 01:50:15,943 - INFO - Loaded 3806 customers for period 2022-H2
2025-07-28 01:50:15,944 - INFO - Label distribution:
promo_label
NO_PROMOTION           3025
GROWTH_TARGET           456
LOW_ENGAGEMENT          181
INTERVENTION_NEEDED     144
Name: count, dtype: int64
2025-07-28 01:50:15,949 - INFO - Evaluating trained Random Forest...
2025-07-28 01:50:16,008 - INFO - Random Forest: Accuracy=0.0604, F1=0.0398, ROC_AUC=0.8142569585561993
2025-07-28 01:50:16,009 - INFO - Training Decision_Tree...
2025-07-28 01:50:16,026 - INFO - Decision_Tree: Accuracy=0.8451, F1=0.8437, ROC_AUC=0.8718172667020736
2025-07-28 01:50:16,026 - INFO - Training Logistic_Regression...
2025-07-28 01:50:16,523 - INFO - Logistic_Regression: Accuracy=0.8281, F1=0.8371, ROC_AUC=0.9172182458457502
2025-07-28 01:50:16,523 - INFO - Training K_Nearest_Neighbors...
2025-07-28 01:50:16,548 - INFO - K_Nearest_Neighbors: Accuracy=0.8504, F1=0.8345, ROC_AUC=0.918082849519182
2025-07-28 01:50:16,548 - INFO - Training Naive_Bayes...
2025-07-28 01:50:16,558 - INFO - Naive_Bayes: Accuracy=0.6260, F1=0.6689, ROC_AUC=0.8529414581291478
2025-07-28 01:50:16,558 - INFO - Training Support_Vector_Machine...
2025-07-28 01:50:18,374 - INFO - Support_Vector_Machine: Accuracy=0.8425, F1=0.7729, ROC_AUC=0.9142395607784467
2025-07-28 01:50:18,375 - INFO - Processing period 2023-H1...
2025-07-28 01:50:18,395 - INFO - Successfully loaded RF model from clean_harmonized_rf_2023-H1_v1_20250728_0149.pkl
2025-07-28 01:50:18,396 - INFO - Model classes: ['GROWTH_TARGET' 'INTERVENTION_NEEDED' 'LOW_ENGAGEMENT' 'NO_PROMOTION']
2025-07-28 01:50:18,396 - INFO - Feature count: 22
2025-07-28 01:50:18,396 - INFO - Evaluating algorithms for period 2023-H1...
2025-07-28 01:50:18,397 - INFO - Loading period data for 2023-H1...
2025-07-28 01:50:18,458 - INFO - Loaded 6646 customers for period 2023-H1
2025-07-28 01:50:18,459 - INFO - Label distribution:
promo_label
NO_PROMOTION           5178
GROWTH_TARGET           797
INTERVENTION_NEEDED     339
LOW_ENGAGEMENT          332
Name: count, dtype: int64
2025-07-28 01:50:18,466 - INFO - Evaluating trained Random Forest...
2025-07-28 01:50:18,525 - INFO - Random Forest: Accuracy=0.0602, F1=0.0273, ROC_AUC=0.8572970771373358
2025-07-28 01:50:18,525 - INFO - Training Decision_Tree...
2025-07-28 01:50:18,548 - INFO - Decision_Tree: Accuracy=0.8429, F1=0.8427, ROC_AUC=0.8820869222558003
2025-07-28 01:50:18,548 - INFO - Training Logistic_Regression...
2025-07-28 01:50:19,312 - INFO - Logistic_Regression: Accuracy=0.7962, F1=0.8101, ROC_AUC=0.9050213069922166
2025-07-28 01:50:19,313 - INFO - Training K_Nearest_Neighbors...
2025-07-28 01:50:19,350 - INFO - K_Nearest_Neighbors: Accuracy=0.8519, F1=0.8380, ROC_AUC=0.9184530180818024
2025-07-28 01:50:19,351 - INFO - Training Naive_Bayes...
2025-07-28 01:50:19,362 - INFO - Naive_Bayes: Accuracy=0.4925, F1=0.5414, ROC_AUC=0.8571129731923668
2025-07-28 01:50:19,363 - INFO - Training Support_Vector_Machine...
2025-07-28 01:50:27,882 - INFO - Support_Vector_Machine: Accuracy=0.8316, F1=0.7595, ROC_AUC=0.9085035934941328
2025-07-28 01:50:27,884 - INFO - Processing period 2023-H2...
2025-07-28 01:50:27,918 - INFO - Successfully loaded RF model from clean_harmonized_rf_2023-H2_v1_20250728_0149.pkl
2025-07-28 01:50:27,919 - INFO - Model classes: ['GROWTH_TARGET' 'INTERVENTION_NEEDED' 'LOW_ENGAGEMENT' 'NO_PROMOTION']
2025-07-28 01:50:27,919 - INFO - Feature count: 22
2025-07-28 01:50:27,920 - INFO - Evaluating algorithms for period 2023-H2...
2025-07-28 01:50:27,920 - INFO - Loading period data for 2023-H2...
2025-07-28 01:50:28,095 - INFO - Loaded 15101 customers for period 2023-H2
2025-07-28 01:50:28,098 - INFO - Label distribution:
promo_label
NO_PROMOTION           11936
GROWTH_TARGET           1812
LOW_ENGAGEMENT           755
INTERVENTION_NEEDED      598
Name: count, dtype: int64
2025-07-28 01:50:28,114 - INFO - Evaluating trained Random Forest...
2025-07-28 01:50:28,224 - INFO - Random Forest: Accuracy=0.2023, F1=0.1221, ROC_AUC=0.8355979792764714
2025-07-28 01:50:28,225 - INFO - Training Decision_Tree...
2025-07-28 01:50:28,331 - INFO - Decision_Tree: Accuracy=0.7948, F1=0.7826, ROC_AUC=0.8093226540981405
2025-07-28 01:50:28,331 - INFO - Training Logistic_Regression...
2025-07-28 01:50:30,293 - INFO - Logistic_Regression: Accuracy=0.6875, F1=0.7207, ROC_AUC=0.8716707042433022
2025-07-28 01:50:30,294 - INFO - Training K_Nearest_Neighbors...
2025-07-28 01:50:30,429 - INFO - K_Nearest_Neighbors: Accuracy=0.8064, F1=0.7860, ROC_AUC=0.8578001279815464
2025-07-28 01:50:30,430 - INFO - Training Naive_Bayes...
2025-07-28 01:50:30,452 - INFO - Naive_Bayes: Accuracy=0.1920, F1=0.2095, ROC_AUC=0.7295859199395418
2025-07-28 01:50:30,452 - INFO - Training Support_Vector_Machine...
2025-07-28 01:51:19,592 - INFO - Support_Vector_Machine: Accuracy=0.7865, F1=0.7709, ROC_AUC=0.882133224373925
2025-07-28 01:51:19,647 - INFO - Results exported to: harmonized_model_comparison_20250728_0151.csv
2025-07-28 01:51:19,649 - INFO - ============================================================
2025-07-28 01:51:19,649 - INFO - COMPARISON COMPLETED SUCCESSFULLY
2025-07-28 01:51:19,649 - INFO - Periods analyzed: 4
2025-07-28 01:51:19,650 - INFO - Algorithms compared: 6
2025-07-28 01:51:19,650 - INFO - CSV exported: harmonized_model_comparison_20250728_0151.csv
2025-07-28 01:51:19,651 - INFO - Log file: harmonized_model_comparison_20250728_0150.log
2025-07-28 01:51:19,651 - INFO - ============================================================
