2025-07-28 01:09:17,908 - INFO - Logging to: harmonized_model_comparison_20250728_0109.log
2025-07-28 01:09:17,908 - INFO - Starting comprehensive harmonized model comparison...
2025-07-28 01:09:17,909 - INFO - Discovering trained harmonized RF models...
2025-07-28 01:09:17,909 - INFO - Discovered 4 trained periods: ['2022-H1', '2022-H2', '2023-H1', '2023-H2']
2025-07-28 01:09:17,909 - INFO - Processing period 2022-H1...
2025-07-28 01:09:18,051 - INFO - Successfully loaded RF model from clean_harmonized_rf_2022-H1_v1_20250728_0108.pkl
2025-07-28 01:09:18,052 - INFO - Model classes: ['GROWTH_TARGET' 'INTERVENTION_NEEDED' 'LOW_ENGAGEMENT' 'NO_PROMOTION']
2025-07-28 01:09:18,052 - INFO - Feature count: 22
2025-07-28 01:09:18,052 - INFO - Evaluating algorithms for period 2022-H1...
2025-07-28 01:09:18,053 - INFO - Loading period data for 2022-H1...
2025-07-28 01:09:18,469 - INFO - Loaded 2326 customers for period 2022-H1
2025-07-28 01:09:18,471 - INFO - Label distribution:
promo_label
NO_PROMOTION           1869
GROWTH_TARGET           279
LOW_ENGAGEMENT          109
INTERVENTION_NEEDED      69
Name: count, dtype: int64
2025-07-28 01:09:18,477 - INFO - Evaluating trained Random Forest...
2025-07-28 01:09:18,553 - INFO - Random Forest: Accuracy=0.0644, F1=0.0306, ROC_AUC=0.8479522918539685
2025-07-28 01:09:18,553 - INFO - Training Decision_Tree...
2025-07-28 01:09:18,568 - INFO - Decision_Tree: Accuracy=0.8197, F1=0.8188, ROC_AUC=0.8569096649695493
2025-07-28 01:09:18,568 - INFO - Training Logistic_Regression...
2025-07-28 01:09:19,012 - INFO - Logistic_Regression: Accuracy=0.8197, F1=0.8304, ROC_AUC=0.9213226259446063
2025-07-28 01:09:19,013 - INFO - Training K_Nearest_Neighbors...
2025-07-28 01:09:22,868 - INFO - K_Nearest_Neighbors: Accuracy=0.8670, F1=0.8516, ROC_AUC=0.9064470043152343
2025-07-28 01:09:22,868 - INFO - Training Naive_Bayes...
2025-07-28 01:09:22,873 - INFO - Naive_Bayes: Accuracy=0.8197, F1=0.7836, ROC_AUC=0.8380202711750215
2025-07-28 01:09:22,873 - INFO - Training Support_Vector_Machine...
2025-07-28 01:09:23,569 - INFO - Support_Vector_Machine: Accuracy=0.8455, F1=0.7771, ROC_AUC=0.9287121653469756
2025-07-28 01:09:23,570 - INFO - Processing period 2022-H2...
2025-07-28 01:09:23,595 - INFO - Successfully loaded RF model from clean_harmonized_rf_2022-H2_v1_20250728_0025.pkl
2025-07-28 01:09:23,595 - INFO - Model classes: ['GROWTH_TARGET' 'INTERVENTION_NEEDED' 'LOW_ENGAGEMENT' 'NO_PROMOTION']
2025-07-28 01:09:23,596 - INFO - Feature count: 22
2025-07-28 01:09:23,596 - INFO - Evaluating algorithms for period 2022-H2...
2025-07-28 01:09:23,596 - INFO - Loading period data for 2022-H2...
2025-07-28 01:09:23,637 - INFO - Loaded 3806 customers for period 2022-H2
2025-07-28 01:09:23,639 - INFO - Label distribution:
promo_label
NO_PROMOTION           3025
GROWTH_TARGET           456
LOW_ENGAGEMENT          181
INTERVENTION_NEEDED     144
Name: count, dtype: int64
2025-07-28 01:09:23,644 - INFO - Evaluating trained Random Forest...
2025-07-28 01:09:23,702 - INFO - Random Forest: Accuracy=0.0604, F1=0.0398, ROC_AUC=0.8142569585561993
2025-07-28 01:09:23,702 - INFO - Training Decision_Tree...
2025-07-28 01:09:23,718 - INFO - Decision_Tree: Accuracy=0.8451, F1=0.8437, ROC_AUC=0.8718172667020736
2025-07-28 01:09:23,718 - INFO - Training Logistic_Regression...
2025-07-28 01:09:24,205 - INFO - Logistic_Regression: Accuracy=0.8281, F1=0.8371, ROC_AUC=0.9172182458457502
2025-07-28 01:09:24,205 - INFO - Training K_Nearest_Neighbors...
2025-07-28 01:09:24,226 - INFO - K_Nearest_Neighbors: Accuracy=0.8504, F1=0.8345, ROC_AUC=0.918082849519182
2025-07-28 01:09:24,226 - INFO - Training Naive_Bayes...
2025-07-28 01:09:24,235 - INFO - Naive_Bayes: Accuracy=0.6260, F1=0.6689, ROC_AUC=0.8529414581291478
2025-07-28 01:09:24,235 - INFO - Training Support_Vector_Machine...
2025-07-28 01:09:25,987 - INFO - Support_Vector_Machine: Accuracy=0.8425, F1=0.7729, ROC_AUC=0.9142395607784467
2025-07-28 01:09:25,988 - INFO - Processing period 2023-H1...
2025-07-28 01:09:26,007 - INFO - Successfully loaded RF model from clean_harmonized_rf_2023-H1_v1_20250728_0027.pkl
2025-07-28 01:09:26,007 - INFO - Model classes: ['GROWTH_TARGET' 'INTERVENTION_NEEDED' 'LOW_ENGAGEMENT' 'NO_PROMOTION']
2025-07-28 01:09:26,007 - INFO - Feature count: 22
2025-07-28 01:09:26,008 - INFO - Evaluating algorithms for period 2023-H1...
2025-07-28 01:09:26,008 - INFO - Loading period data for 2023-H1...
2025-07-28 01:09:26,066 - INFO - Loaded 6646 customers for period 2023-H1
2025-07-28 01:09:26,068 - INFO - Label distribution:
promo_label
NO_PROMOTION           5178
GROWTH_TARGET           797
INTERVENTION_NEEDED     339
LOW_ENGAGEMENT          332
Name: count, dtype: int64
2025-07-28 01:09:26,075 - INFO - Evaluating trained Random Forest...
2025-07-28 01:09:26,160 - INFO - Random Forest: Accuracy=0.0602, F1=0.0273, ROC_AUC=0.8572970771373358
2025-07-28 01:09:26,160 - INFO - Training Decision_Tree...
2025-07-28 01:09:26,186 - INFO - Decision_Tree: Accuracy=0.8429, F1=0.8427, ROC_AUC=0.8820869222558003
2025-07-28 01:09:26,187 - INFO - Training Logistic_Regression...
2025-07-28 01:09:27,180 - INFO - Logistic_Regression: Accuracy=0.7962, F1=0.8101, ROC_AUC=0.9050213069922166
2025-07-28 01:09:27,180 - INFO - Training K_Nearest_Neighbors...
2025-07-28 01:09:27,219 - INFO - K_Nearest_Neighbors: Accuracy=0.8519, F1=0.8380, ROC_AUC=0.9184530180818024
2025-07-28 01:09:27,219 - INFO - Training Naive_Bayes...
2025-07-28 01:09:27,229 - INFO - Naive_Bayes: Accuracy=0.4925, F1=0.5414, ROC_AUC=0.8571129731923668
2025-07-28 01:09:27,230 - INFO - Training Support_Vector_Machine...
2025-07-28 01:09:36,317 - INFO - Support_Vector_Machine: Accuracy=0.8316, F1=0.7595, ROC_AUC=0.9085035934941328
2025-07-28 01:09:36,319 - INFO - Processing period 2023-H2...
2025-07-28 01:09:36,360 - INFO - Successfully loaded RF model from clean_harmonized_rf_2023-H2_v1_20250728_0028.pkl
2025-07-28 01:09:36,361 - INFO - Model classes: ['GROWTH_TARGET' 'INTERVENTION_NEEDED' 'LOW_ENGAGEMENT' 'NO_PROMOTION']
2025-07-28 01:09:36,361 - INFO - Feature count: 22
2025-07-28 01:09:36,362 - INFO - Evaluating algorithms for period 2023-H2...
2025-07-28 01:09:36,362 - INFO - Loading period data for 2023-H2...
2025-07-28 01:09:36,565 - INFO - Loaded 15101 customers for period 2023-H2
2025-07-28 01:09:36,573 - INFO - Label distribution:
promo_label
NO_PROMOTION           11936
GROWTH_TARGET           1812
LOW_ENGAGEMENT           755
INTERVENTION_NEEDED      598
Name: count, dtype: int64
2025-07-28 01:09:36,587 - INFO - Evaluating trained Random Forest...
2025-07-28 01:09:36,730 - INFO - Random Forest: Accuracy=0.2023, F1=0.1221, ROC_AUC=0.8355979792764714
2025-07-28 01:09:36,730 - INFO - Training Decision_Tree...
2025-07-28 01:09:36,845 - INFO - Decision_Tree: Accuracy=0.7948, F1=0.7826, ROC_AUC=0.8093226540981405
2025-07-28 01:09:36,845 - INFO - Training Logistic_Regression...
2025-07-28 01:09:39,600 - INFO - Logistic_Regression: Accuracy=0.6875, F1=0.7207, ROC_AUC=0.8716707042433022
2025-07-28 01:09:39,600 - INFO - Training K_Nearest_Neighbors...
2025-07-28 01:09:39,749 - INFO - K_Nearest_Neighbors: Accuracy=0.8064, F1=0.7860, ROC_AUC=0.8578001279815464
2025-07-28 01:09:39,749 - INFO - Training Naive_Bayes...
2025-07-28 01:09:39,768 - INFO - Naive_Bayes: Accuracy=0.1920, F1=0.2095, ROC_AUC=0.7295859199395418
2025-07-28 01:09:39,769 - INFO - Training Support_Vector_Machine...
2025-07-28 01:10:31,283 - INFO - Support_Vector_Machine: Accuracy=0.7865, F1=0.7709, ROC_AUC=0.882133224373925
2025-07-28 01:10:31,330 - INFO - Results exported to: harmonized_model_comparison_20250728_0110.csv
2025-07-28 01:10:31,331 - INFO - ============================================================
2025-07-28 01:10:31,332 - INFO - COMPARISON COMPLETED SUCCESSFULLY
2025-07-28 01:10:31,332 - INFO - Periods analyzed: 4
2025-07-28 01:10:31,332 - INFO - Algorithms compared: 6
2025-07-28 01:10:31,333 - INFO - CSV exported: harmonized_model_comparison_20250728_0110.csv
2025-07-28 01:10:31,333 - INFO - Log file: harmonized_model_comparison_20250728_0109.log
2025-07-28 01:10:31,333 - INFO - ============================================================
