2025-07-28 00:48:28,974 - INFO - Logging to: harmonized_model_comparison_20250728_0048.log
2025-07-28 00:48:28,974 - INFO - Starting comprehensive harmonized model comparison...
2025-07-28 00:48:28,974 - INFO - Discovering trained harmonized RF models...
2025-07-28 00:48:28,974 - INFO - Discovered 3 trained periods: ['2022-H2', '2023-H1', '2023-H2']
2025-07-28 00:48:28,975 - INFO - Processing period 2022-H2...
2025-07-28 00:48:29,093 - INFO - Successfully loaded RF model from clean_harmonized_rf_2022-H2_v1_20250728_0025.pkl
2025-07-28 00:48:29,094 - INFO - Model classes: ['GROWTH_TARGET' 'INTERVENTION_NEEDED' 'LOW_ENGAGEMENT' 'NO_PROMOTION']
2025-07-28 00:48:29,096 - INFO - Feature count: 22
2025-07-28 00:48:29,096 - INFO - Evaluating algorithms for period 2022-H2...
2025-07-28 00:48:29,096 - INFO - Loading period data for 2022-H2...
2025-07-28 00:48:29,567 - INFO - Loaded 3806 customers for period 2022-H2
2025-07-28 00:48:29,570 - INFO - Label distribution:
promo_label
NO_PROMOTION           3025
GROWTH_TARGET           456
LOW_ENGAGEMENT          181
INTERVENTION_NEEDED     144
Name: count, dtype: int64
2025-07-28 00:48:29,577 - INFO - Evaluating trained Random Forest...
2025-07-28 00:48:29,655 - INFO - Random Forest: Accuracy=0.0604, F1=0.0398, ROC_AUC=0.8142569585561993
2025-07-28 00:48:29,656 - INFO - Training Decision_Tree...
2025-07-28 00:48:29,671 - INFO - Decision_Tree: Accuracy=0.8451, F1=0.8437, ROC_AUC=0.8718172667020736
2025-07-28 00:48:29,671 - INFO - Training Logistic_Regression...
2025-07-28 00:48:30,257 - INFO - Logistic_Regression: Accuracy=0.8281, F1=0.8371, ROC_AUC=0.9172182458457502
2025-07-28 00:48:30,257 - INFO - Training K_Nearest_Neighbors...
2025-07-28 00:48:32,837 - INFO - K_Nearest_Neighbors: Accuracy=0.8504, F1=0.8345, ROC_AUC=0.918082849519182
2025-07-28 00:48:32,838 - INFO - Training Naive_Bayes...
2025-07-28 00:48:32,846 - INFO - Naive_Bayes: Accuracy=0.6260, F1=0.6689, ROC_AUC=0.8529414581291478
2025-07-28 00:48:32,846 - INFO - Training Support_Vector_Machine...
2025-07-28 00:48:34,619 - INFO - Support_Vector_Machine: Accuracy=0.8425, F1=0.7729, ROC_AUC=0.9142395607784467
2025-07-28 00:48:34,620 - INFO - Processing period 2023-H1...
2025-07-28 00:48:34,638 - INFO - Successfully loaded RF model from clean_harmonized_rf_2023-H1_v1_20250728_0027.pkl
2025-07-28 00:48:34,638 - INFO - Model classes: ['GROWTH_TARGET' 'INTERVENTION_NEEDED' 'LOW_ENGAGEMENT' 'NO_PROMOTION']
2025-07-28 00:48:34,639 - INFO - Feature count: 22
2025-07-28 00:48:34,640 - INFO - Evaluating algorithms for period 2023-H1...
2025-07-28 00:48:34,640 - INFO - Loading period data for 2023-H1...
2025-07-28 00:48:34,707 - INFO - Loaded 6646 customers for period 2023-H1
2025-07-28 00:48:34,710 - INFO - Label distribution:
promo_label
NO_PROMOTION           5178
GROWTH_TARGET           797
INTERVENTION_NEEDED     339
LOW_ENGAGEMENT          332
Name: count, dtype: int64
2025-07-28 00:48:34,719 - INFO - Evaluating trained Random Forest...
2025-07-28 00:48:34,793 - INFO - Random Forest: Accuracy=0.0602, F1=0.0273, ROC_AUC=0.8572970771373358
2025-07-28 00:48:34,793 - INFO - Training Decision_Tree...
2025-07-28 00:48:34,823 - INFO - Decision_Tree: Accuracy=0.8429, F1=0.8427, ROC_AUC=0.8820869222558003
2025-07-28 00:48:34,823 - INFO - Training Logistic_Regression...
2025-07-28 00:48:35,801 - INFO - Logistic_Regression: Accuracy=0.7962, F1=0.8101, ROC_AUC=0.9050213069922166
2025-07-28 00:48:35,801 - INFO - Training K_Nearest_Neighbors...
2025-07-28 00:48:35,840 - INFO - K_Nearest_Neighbors: Accuracy=0.8519, F1=0.8380, ROC_AUC=0.9184530180818024
2025-07-28 00:48:35,841 - INFO - Training Naive_Bayes...
2025-07-28 00:48:35,853 - INFO - Naive_Bayes: Accuracy=0.4925, F1=0.5414, ROC_AUC=0.8571129731923668
2025-07-28 00:48:35,853 - INFO - Training Support_Vector_Machine...
2025-07-28 00:48:43,706 - INFO - Support_Vector_Machine: Accuracy=0.8316, F1=0.7595, ROC_AUC=0.9085035934941328
2025-07-28 00:48:43,708 - INFO - Processing period 2023-H2...
2025-07-28 00:48:43,741 - INFO - Successfully loaded RF model from clean_harmonized_rf_2023-H2_v1_20250728_0028.pkl
2025-07-28 00:48:43,742 - INFO - Model classes: ['GROWTH_TARGET' 'INTERVENTION_NEEDED' 'LOW_ENGAGEMENT' 'NO_PROMOTION']
2025-07-28 00:48:43,742 - INFO - Feature count: 22
2025-07-28 00:48:43,743 - INFO - Evaluating algorithms for period 2023-H2...
2025-07-28 00:48:43,743 - INFO - Loading period data for 2023-H2...
2025-07-28 00:48:43,909 - INFO - Loaded 15101 customers for period 2023-H2
2025-07-28 00:48:43,912 - INFO - Label distribution:
promo_label
NO_PROMOTION           11936
GROWTH_TARGET           1812
LOW_ENGAGEMENT           755
INTERVENTION_NEEDED      598
Name: count, dtype: int64
2025-07-28 00:48:43,930 - INFO - Evaluating trained Random Forest...
2025-07-28 00:48:44,044 - INFO - Random Forest: Accuracy=0.2023, F1=0.1221, ROC_AUC=0.8355979792764714
2025-07-28 00:48:44,045 - INFO - Training Decision_Tree...
2025-07-28 00:48:44,154 - INFO - Decision_Tree: Accuracy=0.7948, F1=0.7826, ROC_AUC=0.8093226540981405
2025-07-28 00:48:44,155 - INFO - Training Logistic_Regression...
2025-07-28 00:48:46,320 - INFO - Logistic_Regression: Accuracy=0.6875, F1=0.7207, ROC_AUC=0.8716707042433022
2025-07-28 00:48:46,320 - INFO - Training K_Nearest_Neighbors...
2025-07-28 00:48:46,479 - INFO - K_Nearest_Neighbors: Accuracy=0.8064, F1=0.7860, ROC_AUC=0.8578001279815464
2025-07-28 00:48:46,479 - INFO - Training Naive_Bayes...
2025-07-28 00:48:46,505 - INFO - Naive_Bayes: Accuracy=0.1920, F1=0.2095, ROC_AUC=0.7295859199395418
2025-07-28 00:48:46,505 - INFO - Training Support_Vector_Machine...
2025-07-28 00:49:45,081 - INFO - Support_Vector_Machine: Accuracy=0.7865, F1=0.7709, ROC_AUC=0.882133224373925
2025-07-28 00:49:45,155 - INFO - Results exported to: harmonized_model_comparison_20250728_0049.csv
2025-07-28 00:49:45,157 - INFO - ============================================================
2025-07-28 00:49:45,158 - INFO - COMPARISON COMPLETED SUCCESSFULLY
2025-07-28 00:49:45,158 - INFO - Periods analyzed: 3
2025-07-28 00:49:45,158 - INFO - Algorithms compared: 6
2025-07-28 00:49:45,158 - INFO - CSV exported: harmonized_model_comparison_20250728_0049.csv
2025-07-28 00:49:45,159 - INFO - Log file: harmonized_model_comparison_20250728_0048.log
2025-07-28 00:49:45,159 - INFO - ============================================================
