2025-07-28 01:32:42,167 - INFO - Logging to: harmonized_model_comparison_20250728_0132.log
2025-07-28 01:32:42,168 - INFO - Starting comprehensive harmonized model comparison...
2025-07-28 01:32:42,169 - INFO - Discovering trained harmonized RF models...
2025-07-28 01:32:42,170 - INFO - Discovered 4 trained periods: ['2022-H1', '2022-H2', '2023-H1', '2023-H2']
2025-07-28 01:32:42,170 - INFO - Processing period 2022-H1...
2025-07-28 01:32:42,379 - INFO - Successfully loaded RF model from clean_harmonized_rf_2022-H1_v1_20250728_0108.pkl
2025-07-28 01:32:42,380 - INFO - Model classes: ['GROWTH_TARGET' 'INTERVENTION_NEEDED' 'LOW_ENGAGEMENT' 'NO_PROMOTION']
2025-07-28 01:32:42,380 - INFO - Feature count: 22
2025-07-28 01:32:42,380 - INFO - Evaluating algorithms for period 2022-H1...
2025-07-28 01:32:42,380 - INFO - Loading period data for 2022-H1...
2025-07-28 01:32:42,898 - INFO - Loaded 2326 customers for period 2022-H1
2025-07-28 01:32:42,899 - INFO - Label distribution:
promo_label
NO_PROMOTION           1869
GROWTH_TARGET           279
LOW_ENGAGEMENT          109
INTERVENTION_NEEDED      69
Name: count, dtype: int64
2025-07-28 01:32:42,904 - INFO - Evaluating trained Random Forest...
2025-07-28 01:32:42,967 - INFO - Random Forest: Accuracy=0.0644, F1=0.0306, ROC_AUC=0.8479522918539685
2025-07-28 01:32:42,968 - INFO - Training Decision_Tree...
2025-07-28 01:32:42,977 - INFO - Decision_Tree: Accuracy=0.8197, F1=0.8188, ROC_AUC=0.8569096649695493
2025-07-28 01:32:42,977 - INFO - Training Logistic_Regression...
2025-07-28 01:32:43,559 - INFO - Logistic_Regression: Accuracy=0.8197, F1=0.8304, ROC_AUC=0.9213226259446063
2025-07-28 01:32:43,559 - INFO - Training K_Nearest_Neighbors...
2025-07-28 01:32:51,675 - INFO - K_Nearest_Neighbors: Accuracy=0.8670, F1=0.8516, ROC_AUC=0.9064470043152343
2025-07-28 01:32:51,675 - INFO - Training Naive_Bayes...
2025-07-28 01:32:51,680 - INFO - Naive_Bayes: Accuracy=0.8197, F1=0.7836, ROC_AUC=0.8380202711750215
2025-07-28 01:32:51,680 - INFO - Training Support_Vector_Machine...
2025-07-28 01:32:52,382 - INFO - Support_Vector_Machine: Accuracy=0.8455, F1=0.7771, ROC_AUC=0.9287121653469756
2025-07-28 01:32:52,383 - INFO - Processing period 2022-H2...
2025-07-28 01:32:52,400 - INFO - Successfully loaded RF model from clean_harmonized_rf_2022-H2_v1_20250728_0025.pkl
2025-07-28 01:32:52,401 - INFO - Model classes: ['GROWTH_TARGET' 'INTERVENTION_NEEDED' 'LOW_ENGAGEMENT' 'NO_PROMOTION']
2025-07-28 01:32:52,401 - INFO - Feature count: 22
2025-07-28 01:32:52,402 - INFO - Evaluating algorithms for period 2022-H2...
2025-07-28 01:32:52,402 - INFO - Loading period data for 2022-H2...
2025-07-28 01:32:52,443 - INFO - Loaded 3806 customers for period 2022-H2
2025-07-28 01:32:52,444 - INFO - Label distribution:
promo_label
NO_PROMOTION           3025
GROWTH_TARGET           456
LOW_ENGAGEMENT          181
INTERVENTION_NEEDED     144
Name: count, dtype: int64
2025-07-28 01:32:52,449 - INFO - Evaluating trained Random Forest...
2025-07-28 01:32:52,512 - INFO - Random Forest: Accuracy=0.0604, F1=0.0398, ROC_AUC=0.8142569585561993
2025-07-28 01:32:52,513 - INFO - Training Decision_Tree...
2025-07-28 01:32:52,529 - INFO - Decision_Tree: Accuracy=0.8451, F1=0.8437, ROC_AUC=0.8718172667020736
2025-07-28 01:32:52,529 - INFO - Training Logistic_Regression...
2025-07-28 01:32:53,146 - INFO - Logistic_Regression: Accuracy=0.8281, F1=0.8371, ROC_AUC=0.9172182458457502
2025-07-28 01:32:53,146 - INFO - Training K_Nearest_Neighbors...
2025-07-28 01:32:53,170 - INFO - K_Nearest_Neighbors: Accuracy=0.8504, F1=0.8345, ROC_AUC=0.918082849519182
2025-07-28 01:32:53,170 - INFO - Training Naive_Bayes...
2025-07-28 01:32:53,181 - INFO - Naive_Bayes: Accuracy=0.6260, F1=0.6689, ROC_AUC=0.8529414581291478
2025-07-28 01:32:53,181 - INFO - Training Support_Vector_Machine...
2025-07-28 01:32:54,897 - INFO - Support_Vector_Machine: Accuracy=0.8425, F1=0.7729, ROC_AUC=0.9142395607784467
2025-07-28 01:32:54,898 - INFO - Processing period 2023-H1...
2025-07-28 01:32:54,916 - INFO - Successfully loaded RF model from clean_harmonized_rf_2023-H1_v1_20250728_0027.pkl
2025-07-28 01:32:54,917 - INFO - Model classes: ['GROWTH_TARGET' 'INTERVENTION_NEEDED' 'LOW_ENGAGEMENT' 'NO_PROMOTION']
2025-07-28 01:32:54,917 - INFO - Feature count: 22
2025-07-28 01:32:54,918 - INFO - Evaluating algorithms for period 2023-H1...
2025-07-28 01:32:54,918 - INFO - Loading period data for 2023-H1...
2025-07-28 01:32:54,978 - INFO - Loaded 6646 customers for period 2023-H1
2025-07-28 01:32:54,980 - INFO - Label distribution:
promo_label
NO_PROMOTION           5178
GROWTH_TARGET           797
INTERVENTION_NEEDED     339
LOW_ENGAGEMENT          332
Name: count, dtype: int64
2025-07-28 01:32:54,988 - INFO - Evaluating trained Random Forest...
2025-07-28 01:32:55,048 - INFO - Random Forest: Accuracy=0.0602, F1=0.0273, ROC_AUC=0.8572970771373358
2025-07-28 01:32:55,049 - INFO - Training Decision_Tree...
2025-07-28 01:32:55,071 - INFO - Decision_Tree: Accuracy=0.8429, F1=0.8427, ROC_AUC=0.8820869222558003
2025-07-28 01:32:55,072 - INFO - Training Logistic_Regression...
2025-07-28 01:32:55,840 - INFO - Logistic_Regression: Accuracy=0.7962, F1=0.8101, ROC_AUC=0.9050213069922166
2025-07-28 01:32:55,840 - INFO - Training K_Nearest_Neighbors...
2025-07-28 01:32:55,875 - INFO - K_Nearest_Neighbors: Accuracy=0.8519, F1=0.8380, ROC_AUC=0.9184530180818024
2025-07-28 01:32:55,876 - INFO - Training Naive_Bayes...
2025-07-28 01:32:55,883 - INFO - Naive_Bayes: Accuracy=0.4925, F1=0.5414, ROC_AUC=0.8571129731923668
2025-07-28 01:32:55,883 - INFO - Training Support_Vector_Machine...
2025-07-28 01:33:02,965 - INFO - Support_Vector_Machine: Accuracy=0.8316, F1=0.7595, ROC_AUC=0.9085035934941328
2025-07-28 01:33:02,967 - INFO - Processing period 2023-H2...
2025-07-28 01:33:03,005 - INFO - Successfully loaded RF model from clean_harmonized_rf_2023-H2_v1_20250728_0028.pkl
2025-07-28 01:33:03,005 - INFO - Model classes: ['GROWTH_TARGET' 'INTERVENTION_NEEDED' 'LOW_ENGAGEMENT' 'NO_PROMOTION']
2025-07-28 01:33:03,005 - INFO - Feature count: 22
2025-07-28 01:33:03,007 - INFO - Evaluating algorithms for period 2023-H2...
2025-07-28 01:33:03,007 - INFO - Loading period data for 2023-H2...
2025-07-28 01:33:03,185 - INFO - Loaded 15101 customers for period 2023-H2
2025-07-28 01:33:03,188 - INFO - Label distribution:
promo_label
NO_PROMOTION           11936
GROWTH_TARGET           1812
LOW_ENGAGEMENT           755
INTERVENTION_NEEDED      598
Name: count, dtype: int64
2025-07-28 01:33:03,202 - INFO - Evaluating trained Random Forest...
2025-07-28 01:33:03,311 - INFO - Random Forest: Accuracy=0.2023, F1=0.1221, ROC_AUC=0.8355979792764714
2025-07-28 01:33:03,311 - INFO - Training Decision_Tree...
2025-07-28 01:33:03,408 - INFO - Decision_Tree: Accuracy=0.7948, F1=0.7826, ROC_AUC=0.8093226540981405
2025-07-28 01:33:03,409 - INFO - Training Logistic_Regression...
2025-07-28 01:33:05,466 - INFO - Logistic_Regression: Accuracy=0.6875, F1=0.7207, ROC_AUC=0.8716707042433022
2025-07-28 01:33:05,466 - INFO - Training K_Nearest_Neighbors...
2025-07-28 01:33:05,592 - INFO - K_Nearest_Neighbors: Accuracy=0.8064, F1=0.7860, ROC_AUC=0.8578001279815464
2025-07-28 01:33:05,593 - INFO - Training Naive_Bayes...
2025-07-28 01:33:05,607 - INFO - Naive_Bayes: Accuracy=0.1920, F1=0.2095, ROC_AUC=0.7295859199395418
2025-07-28 01:33:05,608 - INFO - Training Support_Vector_Machine...
2025-07-28 01:33:56,625 - INFO - Support_Vector_Machine: Accuracy=0.7865, F1=0.7709, ROC_AUC=0.882133224373925
2025-07-28 01:33:56,679 - INFO - Results exported to: harmonized_model_comparison_20250728_0133.csv
2025-07-28 01:33:56,680 - INFO - ============================================================
2025-07-28 01:33:56,680 - INFO - COMPARISON COMPLETED SUCCESSFULLY
2025-07-28 01:33:56,680 - INFO - Periods analyzed: 4
2025-07-28 01:33:56,681 - INFO - Algorithms compared: 6
2025-07-28 01:33:56,681 - INFO - CSV exported: harmonized_model_comparison_20250728_0133.csv
2025-07-28 01:33:56,681 - INFO - Log file: harmonized_model_comparison_20250728_0132.log
2025-07-28 01:33:56,682 - INFO - ============================================================
