2025-07-25 02:12:56,171 - INFO -    Customers: 2326
2025-07-25 02:12:56,172 - INFO -    Max bet: €1,500,000
2025-07-25 02:12:56,172 - INFO -    CV: 4.395
2025-07-25 02:12:56,172 - INFO - Selected features: ['total_bet', 'avg_bet', 'loss_rate', 'total_sessions', 'days_since_last_visit', 'session_duration_volatility', 'loss_chasing_score', 'sessions_last_30d', 'bet_trend_ratio']
2025-07-25 02:12:56,182 - INFO - Features prepared: (2326, 9)
2025-07-25 02:12:56,186 - INFO -    Running kmeans...
2025-07-25 02:13:03,560 - INFO -    Running dbscan...
2025-07-25 02:13:03,681 - INFO -    Running gaussian_mixture...
2025-07-25 02:13:03,810 - INFO -    Running hierarchical...
2025-07-25 02:13:04,345 - INFO -    Customers: 3806
2025-07-25 02:13:04,345 - INFO -    Max bet: €1,500,000
2025-07-25 02:13:04,346 - INFO -    CV: 4.096
2025-07-25 02:13:04,346 - INFO - Selected features: ['total_bet', 'avg_bet', 'loss_rate', 'total_sessions', 'days_since_last_visit', 'session_duration_volatility', 'loss_chasing_score', 'sessions_last_30d', 'bet_trend_ratio']
2025-07-25 02:13:04,354 - INFO - Features prepared: (3806, 9)
2025-07-25 02:13:04,357 - INFO -    Running kmeans...
2025-07-25 02:13:04,878 - INFO -    Running dbscan...
2025-07-25 02:13:05,345 - INFO -    Running gaussian_mixture...
2025-07-25 02:13:05,714 - INFO -    Running hierarchical...
2025-07-25 02:13:06,424 - INFO -    Customers: 6646
2025-07-25 02:13:06,424 - INFO -    Max bet: €1,500,000
2025-07-25 02:13:06,424 - INFO -    CV: 3.373
2025-07-25 02:13:06,424 - INFO - Selected features: ['total_bet', 'avg_bet', 'loss_rate', 'total_sessions', 'days_since_last_visit', 'session_duration_volatility', 'loss_chasing_score', 'sessions_last_30d', 'bet_trend_ratio']
2025-07-25 02:13:06,433 - INFO - Features prepared: (6646, 9)
2025-07-25 02:13:06,437 - INFO -    Running kmeans...
2025-07-25 02:13:07,265 - INFO -    Running dbscan...
2025-07-25 02:13:08,193 - INFO -    Running gaussian_mixture...
2025-07-25 02:13:09,048 - INFO -    Running hierarchical...
2025-07-25 02:13:10,957 - INFO -    Customers: 15101
2025-07-25 02:13:10,958 - INFO -    Max bet: €1,500,000
2025-07-25 02:13:10,958 - INFO -    CV: 2.303
2025-07-25 02:13:10,958 - INFO - Selected features: ['total_bet', 'avg_bet', 'loss_rate', 'total_sessions', 'days_since_last_visit', 'session_duration_volatility', 'loss_chasing_score', 'sessions_last_30d', 'bet_trend_ratio']
2025-07-25 02:13:10,968 - INFO - Features prepared: (15101, 9)
2025-07-25 02:13:10,973 - INFO -    Running kmeans...
2025-07-25 02:13:13,825 - INFO -    Running dbscan...
2025-07-25 02:13:17,585 - INFO -    Running gaussian_mixture...
2025-07-25 02:13:20,317 - INFO -    Running hierarchical...
