\BOOKMARK [0][-]{chapter.1}{\376\377\000I\000n\000t\000r\000o\000d\000u\000c\000t\000i\000o\000n\000\040\000a\000n\000d\000\040\000B\000a\000c\000k\000g\000r\000o\000u\000n\000d}{}% 1
\BOOKMARK [1][-]{section.1.1}{\376\377\000B\000a\000c\000k\000g\000r\000o\000u\000n\000d}{chapter.1}% 2
\BOOKMARK [2][-]{subsection.1.1.1}{\376\377\000T\000h\000e\000\040\000R\000o\000l\000e\000\040\000o\000f\000\040\000P\000e\000r\000s\000o\000n\000a\000l\000i\000s\000a\000t\000i\000o\000n\000\040\000i\000n\000\040\000C\000a\000s\000i\000n\000o\000\040\000E\000n\000v\000i\000r\000o\000n\000m\000e\000n\000t\000s}{section.1.1}% 3
\BOOKMARK [2][-]{subsection.1.1.2}{\376\377\000T\000h\000e\000\040\000G\000a\000p\000\040\000B\000e\000t\000w\000e\000e\000n\000\040\000O\000n\000l\000i\000n\000e\000\040\000a\000n\000d\000\040\000P\000h\000y\000s\000i\000c\000a\000l\000\040\000C\000a\000s\000i\000n\000o\000\040\000A\000n\000a\000l\000y\000t\000i\000c\000s}{section.1.1}% 4
\BOOKMARK [2][-]{subsection.1.1.3}{\376\377\000T\000h\000e\000\040\000R\000i\000s\000e\000\040\000o\000f\000\040\000A\000I\000-\000B\000a\000s\000e\000d\000\040\000P\000r\000o\000m\000o\000t\000i\000o\000n\000a\000l\000\040\000S\000y\000s\000t\000e\000m\000s}{section.1.1}% 5
\BOOKMARK [2][-]{subsection.1.1.4}{\376\377\000K\000e\000y\000\040\000C\000o\000n\000c\000e\000p\000t\000s}{section.1.1}% 6
\BOOKMARK [3][-]{subsubsection.1.1.4.1}{\376\377\000D\000e\000m\000o\000g\000r\000a\000p\000h\000i\000c\000s\000\040\000a\000s\000\040\000P\000r\000e\000d\000i\000c\000t\000o\000r\000s\000\040\000o\000f\000\040\000P\000l\000a\000y\000e\000r\000\040\000B\000e\000h\000a\000v\000i\000o\000u\000r}{subsection.1.1.4}% 7
\BOOKMARK [3][-]{subsubsection.1.1.4.2}{\376\377\000K\000-\000M\000e\000a\000n\000s\000\040\000C\000l\000u\000s\000t\000e\000r\000i\000n\000g}{subsection.1.1.4}% 8
\BOOKMARK [3][-]{subsubsection.1.1.4.3}{\376\377\000R\000a\000n\000d\000o\000m\000\040\000F\000o\000r\000e\000s\000t\000\040\000C\000l\000a\000s\000s\000i\000f\000i\000e\000r}{subsection.1.1.4}% 9
\BOOKMARK [3][-]{subsubsection.1.1.4.4}{\376\377\000M\000L\000\040\000v\000s\000\040\000R\000u\000l\000e\000-\000B\000a\000s\000e\000d\000\040\000S\000y\000s\000t\000e\000m\000s}{subsection.1.1.4}% 10
\BOOKMARK [1][-]{section.1.2}{\376\377\000P\000r\000o\000b\000l\000e\000m\000\040\000S\000t\000a\000t\000e\000m\000e\000n\000t}{chapter.1}% 11
\BOOKMARK [1][-]{section.1.3}{\376\377\000O\000v\000e\000r\000v\000i\000e\000w\000\040\000a\000n\000d\000\040\000S\000c\000o\000p\000e}{chapter.1}% 12
\BOOKMARK [2][-]{subsection.1.3.1}{\376\377\000S\000y\000s\000t\000e\000m\000\040\000A\000r\000c\000h\000i\000t\000e\000c\000t\000u\000r\000e\000\040\000a\000n\000d\000\040\000P\000r\000o\000j\000e\000c\000t\000\040\000P\000i\000p\000e\000l\000i\000n\000e\000\040\000O\000v\000e\000r\000v\000i\000e\000w}{section.1.3}% 13
\BOOKMARK [2][-]{subsection.1.3.2}{\376\377\000D\000a\000t\000a\000\040\000C\000o\000n\000t\000e\000x\000t\000\040\000a\000n\000d\000\040\000R\000e\000s\000e\000a\000r\000c\000h\000\040\000S\000e\000t\000t\000i\000n\000g}{section.1.3}% 14
\BOOKMARK [2][-]{subsection.1.3.3}{\376\377\000S\000y\000s\000t\000e\000m\000\040\000O\000b\000j\000e\000c\000t\000i\000v\000e\000\040\000a\000n\000d\000\040\000T\000a\000r\000g\000e\000t\000\040\000U\000s\000e\000\040\000C\000a\000s\000e}{section.1.3}% 15
\BOOKMARK [2][-]{subsection.1.3.4}{\376\377\000C\000R\000M\000\040\000C\000o\000m\000p\000a\000t\000i\000b\000i\000l\000i\000t\000y\000\040\000a\000n\000d\000\040\000R\000e\000a\000l\000-\000T\000i\000m\000e\000\040\000U\000t\000i\000l\000i\000t\000y}{section.1.3}% 16
\BOOKMARK [1][-]{section.1.4}{\376\377\000C\000o\000n\000t\000r\000i\000b\000u\000t\000i\000o\000n\000s}{chapter.1}% 17
\BOOKMARK [0][-]{chapter.2}{\376\377\000L\000i\000t\000e\000r\000a\000t\000u\000r\000e\000\040\000a\000n\000d\000\040\000T\000e\000c\000h\000n\000o\000l\000o\000g\000y\000\040\000S\000u\000r\000v\000e\000y}{}% 18
\BOOKMARK [1][-]{section.2.1}{\376\377\000A\000r\000t\000i\000f\000i\000c\000i\000a\000l\000\040\000I\000n\000t\000e\000l\000l\000i\000g\000e\000n\000c\000e\000\040\000i\000n\000\040\000C\000a\000s\000i\000n\000o\000\040\000E\000n\000v\000i\000r\000o\000n\000m\000e\000n\000t\000s}{chapter.2}% 19
\BOOKMARK [1][-]{section.2.2}{\376\377\000D\000e\000m\000o\000g\000r\000a\000p\000h\000i\000c\000\040\000S\000e\000g\000m\000e\000n\000t\000a\000t\000i\000o\000n\000\040\000a\000n\000d\000\040\000B\000e\000h\000a\000v\000i\000o\000u\000r\000a\000l\000\040\000P\000r\000o\000f\000i\000l\000i\000n\000g}{chapter.2}% 20
\BOOKMARK [1][-]{section.2.3}{\376\377\000C\000l\000u\000s\000t\000e\000r\000i\000n\000g\000\040\000a\000n\000d\000\040\000C\000l\000a\000s\000s\000i\000f\000i\000c\000a\000t\000i\000o\000n\000\040\000A\000l\000g\000o\000r\000i\000t\000h\000m\000s}{chapter.2}% 21
\BOOKMARK [2][-]{subsection.2.3.1}{\376\377\000K\000-\000M\000e\000a\000n\000s\000\040\000C\000l\000u\000s\000t\000e\000r\000i\000n\000g}{section.2.3}% 22
\BOOKMARK [2][-]{subsection.2.3.2}{\376\377\000R\000a\000n\000d\000o\000m\000\040\000F\000o\000r\000e\000s\000t\000\040\000C\000l\000a\000s\000s\000i\000f\000i\000e\000r}{section.2.3}% 23
\BOOKMARK [2][-]{subsection.2.3.3}{\376\377\000G\000r\000a\000d\000i\000e\000n\000t\000\040\000B\000o\000o\000s\000t\000i\000n\000g\000\040\000a\000s\000\040\000a\000n\000\040\000A\000l\000t\000e\000r\000n\000a\000t\000i\000v\000e}{section.2.3}% 24
\BOOKMARK [1][-]{section.2.4}{\376\377\000R\000e\000s\000p\000o\000n\000s\000i\000b\000l\000e\000\040\000G\000a\000m\000b\000l\000i\000n\000g\000\040\000a\000n\000d\000\040\000E\000t\000h\000i\000c\000a\000l\000\040\000A\000I}{chapter.2}% 25
\BOOKMARK [1][-]{section.2.5}{\376\377\000C\000a\000s\000i\000n\000o\000\040\000T\000e\000c\000h\000n\000o\000l\000o\000g\000i\000e\000s\000:\000\040\000T\000I\000T\000O\000,\000\040\000C\000R\000M\000\040\000a\000n\000d\000\040\000D\000a\000t\000a\000\040\000P\000i\000p\000e\000l\000i\000n\000e\000s}{chapter.2}% 26
\BOOKMARK [1][-]{section.2.6}{\376\377\000R\000e\000s\000e\000a\000r\000c\000h\000\040\000G\000a\000p\000\040\000a\000n\000d\000\040\000S\000u\000m\000m\000a\000r\000y}{chapter.2}% 27
\BOOKMARK [1][-]{section.2.7}{\376\377\000O\000v\000e\000r\000v\000i\000e\000w\000\040\000o\000f\000\040\000S\000y\000s\000t\000e\000m\000\040\000G\000o\000a\000l\000s\000\040\000a\000n\000d\000\040\000C\000o\000n\000s\000t\000r\000a\000i\000n\000t\000s}{chapter.2}% 28
\BOOKMARK [1][-]{section.2.8}{\376\377\000F\000u\000n\000c\000t\000i\000o\000n\000a\000l\000\040\000a\000n\000d\000\040\000N\000o\000n\000-\000F\000u\000n\000c\000t\000i\000o\000n\000a\000l\000\040\000R\000e\000q\000u\000i\000r\000e\000m\000e\000n\000t\000s}{chapter.2}% 29
\BOOKMARK [1][-]{section.2.9}{\376\377\000F\000u\000n\000c\000t\000i\000o\000n\000a\000l\000\040\000a\000n\000d\000\040\000N\000o\000n\000-\000F\000u\000n\000c\000t\000i\000o\000n\000a\000l\000\040\000R\000e\000q\000u\000i\000r\000e\000m\000e\000n\000t\000s}{chapter.2}% 30
\BOOKMARK [2][-]{subsection.2.9.1}{\376\377\000F\000u\000n\000c\000t\000i\000o\000n\000a\000l\000\040\000R\000e\000q\000u\000i\000r\000e\000m\000e\000n\000t\000s}{section.2.9}% 31
\BOOKMARK [2][-]{subsection.2.9.2}{\376\377\000N\000o\000n\000-\000F\000u\000n\000c\000t\000i\000o\000n\000a\000l\000\040\000R\000e\000q\000u\000i\000r\000e\000m\000e\000n\000t\000s}{section.2.9}% 32
\BOOKMARK [1][-]{section.2.10}{\376\377\000D\000a\000t\000a\000\040\000R\000e\000q\000u\000i\000r\000e\000m\000e\000n\000t\000s\000\040\000a\000n\000d\000\040\000E\000t\000h\000i\000c\000s\000\040\000C\000o\000n\000s\000t\000r\000a\000i\000n\000t\000s}{chapter.2}% 33
\BOOKMARK [0][-]{chapter.3}{\376\377\000D\000e\000s\000i\000g\000n}{}% 34
\BOOKMARK [1][-]{section.3.1}{\376\377\000S\000y\000s\000t\000e\000m\000\040\000A\000r\000c\000h\000i\000t\000e\000c\000t\000u\000r\000e\000\040\000a\000n\000d\000\040\000M\000o\000d\000u\000l\000e\000\040\000O\000v\000e\000r\000v\000i\000e\000w}{chapter.3}% 35
\BOOKMARK [2][-]{subsection.3.1.1}{\376\377\000M\000o\000d\000u\000l\000a\000r\000\040\000P\000i\000p\000e\000l\000i\000n\000e\000\040\000P\000h\000a\000s\000e\000s}{section.3.1}% 36
\BOOKMARK [2][-]{subsection.3.1.2}{\376\377\000S\000y\000s\000t\000e\000m\000\040\000C\000o\000m\000p\000o\000n\000e\000n\000t\000s}{section.3.1}% 37
\BOOKMARK [2][-]{subsection.3.1.3}{\376\377\000F\000e\000a\000t\000u\000r\000e\000\040\000E\000n\000g\000i\000n\000e\000e\000r\000i\000n\000g}{section.3.1}% 38
\BOOKMARK [2][-]{subsection.3.1.4}{\376\377\000D\000a\000t\000a\000\040\000S\000c\000h\000e\000m\000a\000\040\000a\000n\000d\000\040\000C\000o\000n\000t\000e\000x\000t\000u\000a\000l\000\040\000M\000o\000d\000e\000l}{section.3.1}% 39
\BOOKMARK [1][-]{section.3.2}{\376\377\000D\000a\000t\000a\000\040\000F\000l\000o\000w\000\040\000a\000n\000d\000\040\000C\000o\000m\000p\000o\000n\000e\000n\000t\000\040\000I\000n\000t\000e\000r\000a\000c\000t\000i\000o\000n\000s}{chapter.3}% 40
\BOOKMARK [2][-]{subsection.3.2.1}{\376\377\000P\000i\000p\000e\000l\000i\000n\000e\000\040\000E\000x\000e\000c\000u\000t\000i\000o\000n\000\040\000v\000i\000a\000\040\000m\000a\000i\000n\000\137\000p\000i\000p\000e\000l\000i\000n\000e\000.\000p\000y}{section.3.2}% 41
\BOOKMARK [2][-]{subsection.3.2.2}{\376\377\000B\000e\000h\000a\000v\000i\000o\000u\000r\000a\000l\000\040\000S\000e\000g\000m\000e\000n\000t\000a\000t\000i\000o\000n\000\040\000w\000i\000t\000h\000\040\000s\000e\000g\000m\000e\000n\000t\000a\000t\000i\000o\000n\000.\000p\000y}{section.3.2}% 42
\BOOKMARK [2][-]{subsection.3.2.3}{\376\377\000P\000r\000o\000m\000o\000t\000i\000o\000n\000a\000l\000\040\000I\000n\000f\000e\000r\000e\000n\000c\000e\000\040\000w\000i\000t\000h\000\040\000r\000f\000\137\000t\000r\000a\000i\000n\000i\000n\000g\000.\000p\000y}{section.3.2}% 43
\BOOKMARK [2][-]{subsection.3.2.4}{\376\377\000C\000R\000M\000\040\000I\000n\000t\000e\000r\000a\000c\000t\000i\000o\000n\000\040\000v\000i\000a\000\040\000R\000E\000S\000T\000f\000u\000l\000\040\000A\000P\000I}{section.3.2}% 44
\BOOKMARK [2][-]{subsection.3.2.5}{\376\377\000C\000o\000m\000p\000o\000n\000e\000n\000t\000\040\000M\000a\000p\000\040\000O\000v\000e\000r\000v\000i\000e\000w}{section.3.2}% 45
\BOOKMARK [2][-]{subsection.3.2.6}{\376\377\000A\000I\000\040\000M\000o\000d\000e\000l\000l\000i\000n\000g\000\040\000a\000n\000d\000\040\000I\000n\000f\000e\000r\000e\000n\000c\000e}{section.3.2}% 46
\BOOKMARK [0][-]{chapter.4}{\376\377\000I\000m\000p\000l\000e\000m\000e\000n\000t\000a\000t\000i\000o\000n\000\040\000a\000n\000d\000\040\000T\000e\000s\000t\000i\000n\000g}{}% 47
\BOOKMARK [1][-]{section.4.1}{\376\377\000S\000y\000s\000t\000e\000m\000\040\000S\000e\000t\000u\000p\000\040\000a\000n\000d\000\040\000T\000e\000c\000h\000n\000o\000l\000o\000g\000i\000e\000s}{chapter.4}% 48
\BOOKMARK [1][-]{section.4.2}{\376\377\000S\000y\000s\000t\000e\000m\000\040\000D\000e\000s\000i\000g\000n\000\040\000E\000v\000o\000l\000u\000t\000i\000o\000n}{chapter.4}% 49
\BOOKMARK [2][-]{subsection.4.2.1}{\376\377\000D\000e\000v\000e\000l\000o\000p\000m\000e\000n\000t\000\040\000E\000n\000v\000i\000r\000o\000n\000m\000e\000n\000t\000\040\000a\000n\000d\000\040\000T\000o\000o\000l\000s}{section.4.2}% 50
\BOOKMARK [2][-]{subsection.4.2.2}{\376\377\000T\000r\000a\000n\000s\000i\000t\000i\000o\000n\000i\000n\000g\000\040\000f\000r\000o\000m\000\040\000S\000y\000n\000t\000h\000e\000t\000i\000c\000\040\000t\000o\000\040\000R\000e\000a\000l\000\040\000D\000a\000t\000a}{section.4.2}% 51
\BOOKMARK [2][-]{subsection.4.2.3}{\376\377\000P\000r\000o\000m\000o\000t\000i\000o\000n\000a\000l\000\040\000T\000a\000r\000g\000e\000t\000i\000n\000g\000\040\000L\000i\000m\000i\000t\000a\000t\000i\000o\000n\000s\000\040\000a\000n\000d\000\040\000V\000a\000l\000i\000d\000a\000t\000i\000o\000n\000\040\000S\000t\000r\000a\000t\000e\000g\000y}{section.4.2}% 52
\BOOKMARK [1][-]{section.4.3}{\376\377\000D\000a\000t\000a\000\040\000P\000r\000e\000p\000r\000o\000c\000e\000s\000s\000i\000n\000g\000\040\000a\000n\000d\000\040\000F\000e\000a\000t\000u\000r\000e\000\040\000E\000n\000g\000i\000n\000e\000e\000r\000i\000n\000g}{chapter.4}% 53
\BOOKMARK [2][-]{subsection.4.3.1}{\376\377\000C\000a\000s\000i\000n\000o\000-\0002\000\040\000F\000e\000a\000t\000u\000r\000e\000\040\000P\000i\000p\000e\000l\000i\000n\000e}{section.4.3}% 54
\BOOKMARK [2][-]{subsection.4.3.2}{\376\377\000F\000e\000a\000t\000u\000r\000e\000\040\000D\000e\000s\000i\000g\000n\000\040\000f\000o\000r\000\040\000S\000e\000g\000m\000e\000n\000t\000a\000t\000i\000o\000n}{section.4.3}% 55
\BOOKMARK [2][-]{subsection.4.3.3}{\376\377\000F\000e\000a\000t\000u\000r\000e\000\040\000D\000e\000s\000i\000g\000n\000\040\000f\000o\000r\000\040\000P\000r\000o\000m\000o\000t\000i\000o\000n\000a\000l\000\040\000P\000r\000e\000d\000i\000c\000t\000i\000o\000n}{section.4.3}% 56
\BOOKMARK [2][-]{subsection.4.3.4}{\376\377\000V\000a\000l\000i\000d\000a\000t\000i\000o\000n\000\040\000t\000h\000r\000o\000u\000g\000h\000\040\000F\000e\000a\000t\000u\000r\000e\000\040\000D\000r\000i\000f\000t\000\040\000a\000n\000d\000\040\000I\000m\000p\000o\000r\000t\000a\000n\000c\000e\000\040\000S\000c\000o\000r\000e\000s}{section.4.3}% 57
\BOOKMARK [2][-]{subsection.4.3.5}{\376\377\000M\000o\000d\000e\000l\000\040\000I\000n\000p\000u\000t\000\040\000P\000r\000e\000p\000a\000r\000a\000t\000i\000o\000n}{section.4.3}% 58
\BOOKMARK [2][-]{subsection.4.3.6}{\376\377\000S\000y\000s\000t\000e\000m\000\040\000P\000i\000p\000e\000l\000i\000n\000e\000\040\000a\000n\000d\000\040\000F\000e\000a\000t\000u\000r\000e\000\040\000C\000o\000m\000p\000u\000t\000a\000t\000i\000o\000n\000\040\000A\000r\000c\000h\000i\000t\000e\000c\000t\000u\000r\000e}{section.4.3}% 59
\BOOKMARK [0][-]{chapter.5}{\376\377\000R\000e\000s\000u\000l\000t\000s}{}% 60
\BOOKMARK [1][-]{section.5.1}{\376\377\000O\000v\000e\000r\000v\000i\000e\000w\000\040\000o\000f\000\040\000E\000v\000a\000l\000u\000a\000t\000i\000o\000n\000\040\000S\000t\000r\000a\000t\000e\000g\000y}{chapter.5}% 61
\BOOKMARK [2][-]{subsection.5.1.1}{\376\377\000C\000u\000s\000t\000o\000m\000e\000r\000\040\000V\000o\000l\000u\000m\000e\000\040\000a\000n\000d\000\040\000G\000r\000o\000w\000t\000h}{section.5.1}% 62
\BOOKMARK [2][-]{subsection.5.1.2}{\376\377\000P\000r\000o\000m\000o\000t\000i\000o\000n\000\040\000D\000i\000s\000t\000r\000i\000b\000u\000t\000i\000o\000n\000\040\000b\000y\000\040\000P\000e\000r\000i\000o\000d}{section.5.1}% 63
\BOOKMARK [2][-]{subsection.5.1.3}{\376\377\000B\000u\000s\000i\000n\000e\000s\000s\000\040\000P\000r\000i\000o\000r\000i\000t\000y\000\040\000A\000l\000i\000g\000n\000m\000e\000n\000t}{section.5.1}% 64
\BOOKMARK [1][-]{section.5.2}{\376\377\000S\000e\000g\000m\000e\000n\000t\000-\000B\000a\000s\000e\000d\000\040\000P\000r\000o\000m\000o\000t\000i\000o\000n\000\040\000R\000e\000s\000u\000l\000t\000s}{chapter.5}% 65
\BOOKMARK [1][-]{section.5.3}{\376\377\000T\000e\000m\000p\000o\000r\000a\000l\000\040\000P\000r\000o\000m\000o\000t\000i\000o\000n\000\040\000E\000v\000o\000l\000u\000t\000i\000o\000n}{chapter.5}% 66
\BOOKMARK [1][-]{section.5.4}{\376\377\000C\000o\000m\000p\000a\000r\000a\000t\000i\000v\000e\000\040\000E\000v\000a\000l\000u\000a\000t\000i\000o\000n\000\040\000o\000f\000\040\000M\000o\000d\000e\000l\000\040\000A\000l\000t\000e\000r\000n\000a\000t\000i\000v\000e\000s}{chapter.5}% 67
\BOOKMARK [2][-]{subsection.5.4.1}{\376\377\000P\000e\000r\000f\000o\000r\000m\000a\000n\000c\000e\000\040\000w\000i\000t\000h\000\040\000S\000i\000m\000p\000l\000i\000f\000i\000e\000d\000\040\000F\000e\000a\000t\000u\000r\000e\000s}{section.5.4}% 68
\BOOKMARK [2][-]{subsection.5.4.2}{\376\377\000P\000e\000r\000f\000o\000r\000m\000a\000n\000c\000e\000\040\000w\000i\000t\000h\000\040\000E\000n\000g\000i\000n\000e\000e\000r\000e\000d\000\040\000F\000e\000a\000t\000u\000r\000e\000s}{section.5.4}% 69
\BOOKMARK [2][-]{subsection.5.4.3}{\376\377\000I\000n\000t\000e\000r\000p\000r\000e\000t\000a\000t\000i\000o\000n\000\040\000a\000n\000d\000\040\000J\000u\000s\000t\000i\000f\000i\000c\000a\000t\000i\000o\000n}{section.5.4}% 70
\BOOKMARK [2][-]{subsection.5.4.4}{\376\377\000A\000c\000a\000d\000e\000m\000i\000c\000\040\000V\000a\000l\000u\000e}{section.5.4}% 71
\BOOKMARK [1][-]{section.5.5}{\376\377\000M\000o\000d\000e\000l\000\040\000D\000e\000c\000i\000s\000i\000o\000n\000\040\000L\000o\000g\000i\000c\000\040\000a\000n\000d\000\040\000R\000u\000l\000e\000-\000B\000a\000s\000e\000d\000\040\000I\000n\000t\000e\000r\000p\000r\000e\000t\000a\000t\000i\000o\000n}{chapter.5}% 72
\BOOKMARK [1][-]{section.5.6}{\376\377\000F\000e\000a\000t\000u\000r\000e\000\040\000I\000n\000t\000e\000r\000p\000r\000e\000t\000a\000t\000i\000o\000n\000\040\000a\000n\000d\000\040\000B\000e\000h\000a\000v\000i\000o\000u\000r\000a\000l\000\040\000S\000i\000g\000n\000a\000l\000s}{chapter.5}% 73
\BOOKMARK [1][-]{section.5.7}{\376\377\000D\000e\000m\000o\000g\000r\000a\000p\000h\000i\000c\000\040\000I\000m\000p\000a\000c\000t\000\040\000o\000n\000\040\000P\000r\000o\000m\000o\000t\000i\000o\000n\000a\000l\000\040\000S\000t\000r\000a\000t\000e\000g\000i\000e\000s}{chapter.5}% 74
\BOOKMARK [2][-]{subsection.5.7.1}{\376\377\000C\000o\000u\000n\000t\000r\000y\000-\000B\000a\000s\000e\000d\000\040\000P\000r\000o\000m\000o\000t\000i\000o\000n\000a\000l\000\040\000T\000r\000e\000n\000d\000s}{section.5.7}% 75
\BOOKMARK [2][-]{subsection.5.7.2}{\376\377\000A\000g\000e\000-\000B\000a\000s\000e\000d\000\040\000P\000r\000o\000m\000o\000t\000i\000o\000n\000\040\000R\000e\000s\000p\000o\000n\000s\000e}{section.5.7}% 76
\BOOKMARK [2][-]{subsection.5.7.3}{\376\377\000D\000i\000s\000c\000u\000s\000s\000i\000o\000n\000\040\000a\000n\000d\000\040\000I\000m\000p\000l\000i\000c\000a\000t\000i\000o\000n\000s}{section.5.7}% 77
\BOOKMARK [1][-]{section.5.8}{\376\377\000E\000n\000h\000a\000n\000c\000e\000d\000\040\000D\000e\000m\000o\000g\000r\000a\000p\000h\000i\000c\000-\000B\000e\000h\000a\000v\000i\000o\000r\000a\000l\000\040\000R\000i\000s\000k\000\040\000A\000n\000a\000l\000y\000s\000i\000s}{chapter.5}% 78
\BOOKMARK [2][-]{subsection.5.8.1}{\376\377\000A\000g\000e\000-\000G\000e\000n\000d\000e\000r\000\040\000R\000i\000s\000k\000\040\000C\000o\000n\000c\000e\000n\000t\000r\000a\000t\000i\000o\000n\000\040\000P\000a\000t\000t\000e\000r\000n\000s}{section.5.8}% 79
\BOOKMARK [2][-]{subsection.5.8.2}{\376\377\000C\000u\000l\000t\000u\000r\000a\000l\000\040\000R\000i\000s\000k\000\040\000S\000t\000r\000a\000t\000i\000f\000i\000c\000a\000t\000i\000o\000n\000\040\000\050\000N\000a\000t\000i\000o\000n\000a\000l\000i\000t\000y\000-\000B\000a\000s\000e\000d\000\051}{section.5.8}% 80
\BOOKMARK [2][-]{subsection.5.8.3}{\376\377\000F\000e\000a\000t\000u\000r\000e\000\040\000E\000n\000g\000i\000n\000e\000e\000r\000i\000n\000g\000\040\000R\000e\000c\000o\000m\000m\000e\000n\000d\000a\000t\000i\000o\000n\000s}{section.5.8}% 81
\BOOKMARK [2][-]{subsection.5.8.4}{\376\377\000A\000c\000a\000d\000e\000m\000i\000c\000\040\000C\000o\000n\000t\000r\000i\000b\000u\000t\000i\000o\000n\000s}{section.5.8}% 82
\BOOKMARK [1][-]{section.5.9}{\376\377\000C\000o\000n\000c\000l\000u\000s\000i\000o\000n\000\040\000a\000n\000d\000\040\000F\000u\000t\000u\000r\000e\000\040\000W\000o\000r\000k}{chapter.5}% 83
\BOOKMARK [0][-]{appendix.A}{\376\377\000C\000u\000s\000t\000o\000m\000e\000r\000-\000L\000e\000v\000e\000l\000\040\000C\000a\000s\000e\000\040\000I\000n\000s\000p\000e\000c\000t\000i\000o\000n\000s}{}% 84
\BOOKMARK [0][-]{appendix.B}{\376\377\000L\000a\000b\000e\000l\000\040\000V\000a\000l\000i\000d\000a\000t\000i\000o\000n\000\040\000R\000u\000l\000e\000s}{}% 85
\BOOKMARK [0][-]{appendix.C}{\376\377\000D\000e\000s\000i\000g\000n\000\040\000D\000i\000a\000g\000r\000a\000m\000s}{}% 86
\BOOKMARK [0][-]{appendix.D}{\376\377\000U\000s\000e\000r\000\040\000D\000o\000c\000u\000m\000e\000n\000t\000a\000t\000i\000o\000n}{}% 87
\BOOKMARK [0][-]{appendix.E}{\376\377\000R\000a\000w\000\040\000R\000e\000s\000u\000l\000t\000s\000\040\000O\000u\000t\000p\000u\000t}{}% 88
\BOOKMARK [0][-]{appendix.F}{\376\377\000C\000o\000d\000e}{}% 89
\BOOKMARK [0][-]{appendix*.50}{\376\377\000B\000i\000b\000l\000i\000o\000g\000r\000a\000p\000h\000y}{}% 90
